2026-03-31 00:50:27 [restartedMain] INFO  c.i.i.IlovemusicBackendApplication - Starting IlovemusicBackendApplication using Java 21.0.10 with PID 20700 (D:\SpringBoot\Projects\ilovemusic\ilovemusic-backend\build\classes\java\main started by sai in D:\SpringBoot\Projects\ilovemusic)
2026-03-31 00:50:27 [restartedMain] DEBUG c.i.i.IlovemusicBackendApplication - Running with Spring Boot v3.3.5, Spring v6.1.14
2026-03-31 00:50:27 [restartedMain] INFO  c.i.i.IlovemusicBackendApplication - No active profile set, falling back to 1 default profile: "default"
2026-03-31 00:50:27 [restartedMain] INFO  o.s.b.d.e.DevToolsPropertyDefaultsPostProcessor - Devtools property defaults active! Set 'spring.devtools.add-properties' to 'false' to disable
2026-03-31 00:50:27 [restartedMain] INFO  o.s.b.d.e.DevToolsPropertyDefaultsPostProcessor - For additional web related logging consider setting the 'logging.level.web' property to 'DEBUG'
2026-03-31 00:50:28 [restartedMain] INFO  o.s.d.r.c.RepositoryConfigurationDelegate - Bootstrapping Spring Data JPA repositories in DEFERRED mode.
2026-03-31 00:50:28 [restartedMain] INFO  o.s.d.r.c.RepositoryConfigurationDelegate - Finished Spring Data repository scanning in 116 ms. Found 4 JPA repository interfaces.
2026-03-31 00:50:29 [restartedMain] INFO  o.s.b.w.e.tomcat.TomcatWebServer - Tomcat initialized with port 8080 (http)
2026-03-31 00:50:29 [restartedMain] INFO  o.a.catalina.core.StandardService - Starting service [Tomcat]
2026-03-31 00:50:29 [restartedMain] INFO  o.a.catalina.core.StandardEngine - Starting Servlet engine: [Apache Tomcat/10.1.31]
2026-03-31 00:50:29 [restartedMain] INFO  o.a.c.c.C.[.[.[/ilovemusic] - Initializing Spring embedded WebApplicationContext
2026-03-31 00:50:29 [restartedMain] INFO  o.s.b.w.s.c.ServletWebServerApplicationContext - Root WebApplicationContext: initialization completed in 1841 ms
2026-03-31 00:50:30 [restartedMain] DEBUG c.i.i.config.JwtAuthenticationFilter - Filter 'jwtAuthenticationFilter' configured for use
2026-03-31 00:50:30 [restartedMain] DEBUG o.s.w.f.ServerHttpObservationFilter - Filter 'webMvcObservationFilter' configured for use
2026-03-31 00:50:30 [restartedMain] INFO  com.zaxxer.hikari.HikariDataSource - HikariPool-1 - Starting...
2026-03-31 00:50:30 [restartedMain] INFO  com.zaxxer.hikari.pool.HikariPool - HikariPool-1 - Added connection org.postgresql.jdbc.PgConnection@48729289
2026-03-31 00:50:30 [restartedMain] INFO  com.zaxxer.hikari.HikariDataSource - HikariPool-1 - Start completed.
2026-03-31 00:50:30 [restartedMain] INFO  org.flywaydb.core.FlywayExecutor - Database: jdbc:postgresql://localhost:5432/ilovemusic (PostgreSQL 18.2)
2026-03-31 00:50:30 [restartedMain] WARN  o.f.c.i.database.base.Database - Flyway upgrade recommended: PostgreSQL 18.2 is newer than this version of Flyway and support has not been tested. The latest supported version of PostgreSQL is 16.
2026-03-31 00:50:30 [restartedMain] INFO  o.f.core.internal.command.DbValidate - Successfully validated 4 migrations (execution time 00:00.033s)
2026-03-31 00:50:30 [restartedMain] INFO  o.f.core.internal.command.DbMigrate - Current version of schema "public": 4
2026-03-31 00:50:30 [restartedMain] INFO  o.f.core.internal.command.DbMigrate - Schema "public" is up to date. No migration necessary.
2026-03-31 00:50:30 [task-1] INFO  o.h.jpa.internal.util.LogHelper - HHH000204: Processing PersistenceUnitInfo [name: default]
2026-03-31 00:50:30 [task-1] INFO  org.hibernate.Version - HHH000412: Hibernate ORM core version 6.5.3.Final
2026-03-31 00:50:30 [task-1] INFO  o.h.c.i.RegionFactoryInitiator - HHH000026: Second-level cache disabled
2026-03-31 00:50:31 [task-1] INFO  o.s.o.j.p.SpringPersistenceUnitInfo - No LoadTimeWeaver setup: ignoring JPA class transformer
2026-03-31 00:50:31 [restartedMain] DEBUG o.s.s.c.a.a.c.AuthenticationConfiguration$DefaultPasswordEncoderAuthenticationManagerBuilder - No authenticationProviders and no parentAuthenticationManager defined. Returning null.
2026-03-31 00:50:31 [task-1] WARN  org.hibernate.orm.deprecation - HHH90000025: PostgreSQLDialect does not need to be specified explicitly using 'hibernate.dialect' (remove the property setting and it will be selected by default)
2026-03-31 00:50:31 [task-1] DEBUG o.h.t.d.sql.spi.DdlTypeRegistry - addDescriptor(2003, org.hibernate.type.descriptor.sql.internal.ArrayDdlTypeImpl@60c9036a) replaced previous registration(org.hibernate.type.descriptor.sql.internal.ArrayDdlTypeImpl@779a90b2)
2026-03-31 00:50:31 [task-1] DEBUG o.h.t.d.sql.spi.DdlTypeRegistry - addDescriptor(6, org.hibernate.type.descriptor.sql.internal.CapacityDependentDdlType@7291e217) replaced previous registration(org.hibernate.type.descriptor.sql.internal.DdlTypeImpl@33fbef0b)
2026-03-31 00:50:31 [restartedMain] DEBUG o.s.w.s.m.m.a.RequestMappingHandlerMapping - 23 mappings in 'requestMappingHandlerMapping'
2026-03-31 00:50:31 [restartedMain] DEBUG o.s.w.s.h.SimpleUrlHandlerMapping - Patterns [/webjars/**, /**] in 'resourceHandlerMapping'
2026-03-31 00:50:31 [restartedMain] INFO  o.s.b.a.e.web.EndpointLinksResolver - Exposing 4 endpoints beneath base path '/actuator'
2026-03-31 00:50:31 [restartedMain] DEBUG o.s.s.web.DefaultSecurityFilterChain - Will secure any request with filters: DisableEncodeUrlFilter, WebAsyncManagerIntegrationFilter, SecurityContextHolderFilter, HeaderWriterFilter, CorsFilter, LogoutFilter, JwtAuthenticationFilter, RequestCacheAwareFilter, SecurityContextHolderAwareRequestFilter, AnonymousAuthenticationFilter, SessionManagementFilter, ExceptionTranslationFilter, AuthorizationFilter
2026-03-31 00:50:31 [restartedMain] DEBUG o.s.w.s.m.m.a.RequestMappingHandlerAdapter - ControllerAdvice beans: 0 @ModelAttribute, 0 @InitBinder, 1 RequestBodyAdvice, 1 ResponseBodyAdvice
2026-03-31 00:50:31 [restartedMain] DEBUG o.s.w.s.m.m.a.ExceptionHandlerExceptionResolver - ControllerAdvice beans: 1 @ExceptionHandler, 1 ResponseBodyAdvice
2026-03-31 00:50:32 [restartedMain] INFO  o.s.b.d.a.OptionalLiveReloadServer - LiveReload server is running on port 35729
2026-03-31 00:50:32 [task-1] INFO  o.h.e.t.j.p.i.JtaPlatformInitiator - HHH000489: No JTA platform available (set 'hibernate.transaction.jta.platform' to enable JTA platform integration)
2026-03-31 00:50:32 [task-1] INFO  o.s.o.j.LocalContainerEntityManagerFactoryBean - Initialized JPA EntityManagerFactory for persistence unit 'default'
2026-03-31 00:50:32 [restartedMain] INFO  o.s.b.w.e.tomcat.TomcatWebServer - Tomcat started on port 8080 (http) with context path '/ilovemusic'
2026-03-31 00:50:32 [restartedMain] INFO  o.s.d.r.c.DeferredRepositoryInitializationListener - Triggering deferred initialization of Spring Data repositories…
2026-03-31 00:50:32 [restartedMain] INFO  o.s.d.j.r.query.QueryEnhancerFactory - Hibernate is in classpath; If applicable, HQL parser will be used.
2026-03-31 00:50:33 [restartedMain] INFO  o.s.d.r.c.DeferredRepositoryInitializationListener - Spring Data repositories initialized
2026-03-31 00:50:33 [restartedMain] INFO  c.i.i.IlovemusicBackendApplication - Started IlovemusicBackendApplication in 5.793 seconds (process running for 6.733)
2026-03-31 00:50:33 [RMI TCP Connection(4)-192.168.1.34] INFO  o.a.c.c.C.[.[.[/ilovemusic] - Initializing Spring DispatcherServlet 'dispatcherServlet'
2026-03-31 00:50:33 [RMI TCP Connection(4)-192.168.1.34] INFO  o.s.web.servlet.DispatcherServlet - Initializing Servlet 'dispatcherServlet'
2026-03-31 00:50:33 [RMI TCP Connection(4)-192.168.1.34] DEBUG o.s.web.servlet.DispatcherServlet - Detected StandardServletMultipartResolver
2026-03-31 00:50:33 [RMI TCP Connection(4)-192.168.1.34] DEBUG o.s.web.servlet.DispatcherServlet - Detected AcceptHeaderLocaleResolver
2026-03-31 00:50:33 [RMI TCP Connection(4)-192.168.1.34] DEBUG o.s.web.servlet.DispatcherServlet - Detected FixedThemeResolver
2026-03-31 00:50:33 [RMI TCP Connection(4)-192.168.1.34] DEBUG o.s.web.servlet.DispatcherServlet - Detected org.springframework.web.servlet.view.DefaultRequestToViewNameTranslator@36de1024
2026-03-31 00:50:33 [RMI TCP Connection(4)-192.168.1.34] DEBUG o.s.web.servlet.DispatcherServlet - Detected org.springframework.web.servlet.support.SessionFlashMapManager@2242e8b4
2026-03-31 00:50:33 [RMI TCP Connection(4)-192.168.1.34] DEBUG o.s.web.servlet.DispatcherServlet - enableLoggingRequestDetails='false': request parameters and headers will be masked to prevent unsafe logging of potentially sensitive data
2026-03-31 00:50:33 [RMI TCP Connection(4)-192.168.1.34] INFO  o.s.web.servlet.DispatcherServlet - Completed initialization in 5 ms
2026-03-31 00:51:44 [http-nio-8080-exec-1] DEBUG o.s.security.web.FilterChainProxy - Securing GET /api/auth/spotify
2026-03-31 00:51:44 [http-nio-8080-exec-1] DEBUG o.s.security.web.FilterChainProxy - Secured GET /api/auth/spotify
2026-03-31 00:51:44 [http-nio-8080-exec-1] DEBUG o.s.web.servlet.DispatcherServlet - GET "/ilovemusic/api/auth/spotify", parameters={}
2026-03-31 00:51:44 [http-nio-8080-exec-1] DEBUG o.s.w.s.m.m.a.RequestMappingHandlerMapping - Mapped to com.ilovemusic.ilovemusic_backend.controller.AuthController#spotifyRedirect(String)
2026-03-31 00:51:44 [http-nio-8080-exec-1] DEBUG o.s.w.s.m.m.a.HttpEntityMethodProcessor - Using 'application/json', given [*/*] and supported [application/json, application/*+json]
2026-03-31 00:51:44 [http-nio-8080-exec-1] DEBUG o.s.w.s.m.m.a.HttpEntityMethodProcessor - Writing [ApiResponse(success=true, message=Spotify OAuth URL generated, error=null, data={redirect_url=https: (truncated)...]
2026-03-31 00:51:44 [http-nio-8080-exec-1] DEBUG o.s.web.servlet.DispatcherServlet - Completed 200 OK
2026-03-31 00:52:00 [http-nio-8080-exec-7] DEBUG o.s.security.web.FilterChainProxy - Securing GET /api/auth/spotify
2026-03-31 00:52:00 [http-nio-8080-exec-7] DEBUG o.s.security.web.FilterChainProxy - Secured GET /api/auth/spotify
2026-03-31 00:52:00 [http-nio-8080-exec-7] DEBUG o.s.web.servlet.DispatcherServlet - GET "/ilovemusic/api/auth/spotify", parameters={}
2026-03-31 00:52:00 [http-nio-8080-exec-7] DEBUG o.s.w.s.m.m.a.RequestMappingHandlerMapping - Mapped to com.ilovemusic.ilovemusic_backend.controller.AuthController#spotifyRedirect(String)
2026-03-31 00:52:00 [http-nio-8080-exec-7] DEBUG o.s.w.s.m.m.a.HttpEntityMethodProcessor - Using 'application/json', given [*/*] and supported [application/json, application/*+json]
2026-03-31 00:52:00 [http-nio-8080-exec-7] DEBUG o.s.w.s.m.m.a.HttpEntityMethodProcessor - Writing [ApiResponse(success=true, message=Spotify OAuth URL generated, error=null, data={redirect_url=https: (truncated)...]
2026-03-31 00:52:00 [http-nio-8080-exec-7] DEBUG o.s.web.servlet.DispatcherServlet - Completed 200 OK
2026-03-31 00:55:30 [http-nio-8080-exec-4] DEBUG o.s.security.web.FilterChainProxy - Securing GET /api/auth/spotify
2026-03-31 00:55:30 [http-nio-8080-exec-4] DEBUG o.s.security.web.FilterChainProxy - Secured GET /api/auth/spotify
2026-03-31 00:55:30 [http-nio-8080-exec-4] DEBUG o.s.web.servlet.DispatcherServlet - GET "/ilovemusic/api/auth/spotify", parameters={}
2026-03-31 00:55:30 [http-nio-8080-exec-4] DEBUG o.s.w.s.m.m.a.RequestMappingHandlerMapping - Mapped to com.ilovemusic.ilovemusic_backend.controller.AuthController#spotifyRedirect(String)
2026-03-31 00:55:30 [http-nio-8080-exec-4] DEBUG o.s.w.s.m.m.a.HttpEntityMethodProcessor - Using 'application/json', given [*/*] and supported [application/json, application/*+json]
2026-03-31 00:55:30 [http-nio-8080-exec-4] DEBUG o.s.w.s.m.m.a.HttpEntityMethodProcessor - Writing [ApiResponse(success=true, message=Spotify OAuth URL generated, error=null, data={redirect_url=https: (truncated)...]
2026-03-31 00:55:30 [http-nio-8080-exec-4] DEBUG o.s.web.servlet.DispatcherServlet - Completed 200 OK
2026-03-31 00:56:20 [SpringApplicationShutdownHook] INFO  o.s.o.j.LocalContainerEntityManagerFactoryBean - Closing JPA EntityManagerFactory for persistence unit 'default'
2026-03-31 00:56:20 [SpringApplicationShutdownHook] INFO  com.zaxxer.hikari.HikariDataSource - HikariPool-1 - Shutdown initiated...
2026-03-31 00:56:20 [SpringApplicationShutdownHook] INFO  com.zaxxer.hikari.HikariDataSource - HikariPool-1 - Shutdown completed.
2026-03-31 00:56:29 [restartedMain] INFO  c.i.i.IlovemusicBackendApplication - Starting IlovemusicBackendApplication using Java 21.0.10 with PID 22308 (D:\SpringBoot\Projects\ilovemusic\ilovemusic-backend\build\classes\java\main started by sai in D:\SpringBoot\Projects\ilovemusic)
2026-03-31 00:56:29 [restartedMain] DEBUG c.i.i.IlovemusicBackendApplication - Running with Spring Boot v3.3.5, Spring v6.1.14
2026-03-31 00:56:29 [restartedMain] INFO  c.i.i.IlovemusicBackendApplication - No active profile set, falling back to 1 default profile: "default"
2026-03-31 00:56:30 [restartedMain] INFO  o.s.b.d.e.DevToolsPropertyDefaultsPostProcessor - Devtools property defaults active! Set 'spring.devtools.add-properties' to 'false' to disable
2026-03-31 00:56:30 [restartedMain] INFO  o.s.b.d.e.DevToolsPropertyDefaultsPostProcessor - For additional web related logging consider setting the 'logging.level.web' property to 'DEBUG'
2026-03-31 00:56:39 [restartedMain] INFO  o.s.d.r.c.RepositoryConfigurationDelegate - Bootstrapping Spring Data JPA repositories in DEFERRED mode.
2026-03-31 00:56:39 [restartedMain] INFO  o.s.d.r.c.RepositoryConfigurationDelegate - Finished Spring Data repository scanning in 475 ms. Found 4 JPA repository interfaces.
2026-03-31 00:56:43 [restartedMain] INFO  o.s.b.w.e.tomcat.TomcatWebServer - Tomcat initialized with port 8080 (http)
2026-03-31 00:56:43 [restartedMain] INFO  o.a.catalina.core.StandardService - Starting service [Tomcat]
2026-03-31 00:56:43 [restartedMain] INFO  o.a.catalina.core.StandardEngine - Starting Servlet engine: [Apache Tomcat/10.1.31]
2026-03-31 00:56:43 [restartedMain] INFO  o.a.c.c.C.[.[.[/ilovemusic] - Initializing Spring embedded WebApplicationContext
2026-03-31 00:56:43 [restartedMain] INFO  o.s.b.w.s.c.ServletWebServerApplicationContext - Root WebApplicationContext: initialization completed in 13368 ms
2026-03-31 00:56:44 [restartedMain] DEBUG c.i.i.config.JwtAuthenticationFilter - Filter 'jwtAuthenticationFilter' configured for use
2026-03-31 00:56:44 [restartedMain] DEBUG o.s.w.f.ServerHttpObservationFilter - Filter 'webMvcObservationFilter' configured for use
2026-03-31 00:56:45 [restartedMain] INFO  com.zaxxer.hikari.HikariDataSource - HikariPool-1 - Starting...
2026-03-31 00:56:46 [restartedMain] INFO  com.zaxxer.hikari.pool.HikariPool - HikariPool-1 - Added connection org.postgresql.jdbc.PgConnection@65d81be8
2026-03-31 00:56:46 [restartedMain] INFO  com.zaxxer.hikari.HikariDataSource - HikariPool-1 - Start completed.
2026-03-31 00:56:46 [restartedMain] INFO  org.flywaydb.core.FlywayExecutor - Database: jdbc:postgresql://localhost:5432/ilovemusic (PostgreSQL 18.2)
2026-03-31 00:56:46 [restartedMain] WARN  o.f.c.i.database.base.Database - Flyway upgrade recommended: PostgreSQL 18.2 is newer than this version of Flyway and support has not been tested. The latest supported version of PostgreSQL is 16.
2026-03-31 00:56:46 [restartedMain] INFO  o.f.core.internal.command.DbValidate - Successfully validated 4 migrations (execution time 00:00.134s)
2026-03-31 00:56:46 [restartedMain] INFO  o.f.core.internal.command.DbMigrate - Current version of schema "public": 4
2026-03-31 00:56:46 [restartedMain] INFO  o.f.core.internal.command.DbMigrate - Schema "public" is up to date. No migration necessary.
2026-03-31 00:56:47 [task-1] INFO  o.h.jpa.internal.util.LogHelper - HHH000204: Processing PersistenceUnitInfo [name: default]
2026-03-31 00:56:47 [task-1] INFO  org.hibernate.Version - HHH000412: Hibernate ORM core version 6.5.3.Final
2026-03-31 00:56:47 [task-1] INFO  o.h.c.i.RegionFactoryInitiator - HHH000026: Second-level cache disabled
2026-03-31 00:56:50 [task-1] INFO  o.s.o.j.p.SpringPersistenceUnitInfo - No LoadTimeWeaver setup: ignoring JPA class transformer
2026-03-31 00:56:51 [task-1] WARN  org.hibernate.orm.deprecation - HHH90000025: PostgreSQLDialect does not need to be specified explicitly using 'hibernate.dialect' (remove the property setting and it will be selected by default)
2026-03-31 00:56:51 [restartedMain] DEBUG o.s.s.c.a.a.c.AuthenticationConfiguration$DefaultPasswordEncoderAuthenticationManagerBuilder - No authenticationProviders and no parentAuthenticationManager defined. Returning null.
2026-03-31 00:56:51 [task-1] DEBUG o.h.t.d.sql.spi.DdlTypeRegistry - addDescriptor(2003, org.hibernate.type.descriptor.sql.internal.ArrayDdlTypeImpl@692f9067) replaced previous registration(org.hibernate.type.descriptor.sql.internal.ArrayDdlTypeImpl@34accbd8)
2026-03-31 00:56:51 [task-1] DEBUG o.h.t.d.sql.spi.DdlTypeRegistry - addDescriptor(6, org.hibernate.type.descriptor.sql.internal.CapacityDependentDdlType@6cb9df78) replaced previous registration(org.hibernate.type.descriptor.sql.internal.DdlTypeImpl@18d99ce6)
2026-03-31 00:56:53 [restartedMain] DEBUG o.s.w.s.m.m.a.RequestMappingHandlerMapping - 23 mappings in 'requestMappingHandlerMapping'
2026-03-31 00:56:53 [restartedMain] DEBUG o.s.w.s.h.SimpleUrlHandlerMapping - Patterns [/webjars/**, /**] in 'resourceHandlerMapping'
2026-03-31 00:56:54 [restartedMain] INFO  o.s.b.a.e.web.EndpointLinksResolver - Exposing 4 endpoints beneath base path '/actuator'
2026-03-31 00:56:54 [restartedMain] DEBUG o.s.s.web.DefaultSecurityFilterChain - Will secure any request with filters: DisableEncodeUrlFilter, WebAsyncManagerIntegrationFilter, SecurityContextHolderFilter, HeaderWriterFilter, CorsFilter, LogoutFilter, JwtAuthenticationFilter, RequestCacheAwareFilter, SecurityContextHolderAwareRequestFilter, AnonymousAuthenticationFilter, SessionManagementFilter, ExceptionTranslationFilter, AuthorizationFilter
2026-03-31 00:56:54 [restartedMain] DEBUG o.s.w.s.m.m.a.RequestMappingHandlerAdapter - ControllerAdvice beans: 0 @ModelAttribute, 0 @InitBinder, 1 RequestBodyAdvice, 1 ResponseBodyAdvice
2026-03-31 00:56:55 [restartedMain] DEBUG o.s.w.s.m.m.a.ExceptionHandlerExceptionResolver - ControllerAdvice beans: 1 @ExceptionHandler, 1 ResponseBodyAdvice
2026-03-31 00:56:57 [task-1] INFO  o.h.e.t.j.p.i.JtaPlatformInitiator - HHH000489: No JTA platform available (set 'hibernate.transaction.jta.platform' to enable JTA platform integration)
2026-03-31 00:56:58 [restartedMain] INFO  o.s.b.d.a.OptionalLiveReloadServer - LiveReload server is running on port 35729
2026-03-31 00:56:58 [task-1] INFO  o.s.o.j.LocalContainerEntityManagerFactoryBean - Initialized JPA EntityManagerFactory for persistence unit 'default'
2026-03-31 00:56:59 [restartedMain] INFO  o.s.b.w.e.tomcat.TomcatWebServer - Tomcat started on port 8080 (http) with context path '/ilovemusic'
2026-03-31 00:56:59 [restartedMain] INFO  o.s.d.r.c.DeferredRepositoryInitializationListener - Triggering deferred initialization of Spring Data repositories…
2026-03-31 00:56:59 [restartedMain] INFO  o.s.d.j.r.query.QueryEnhancerFactory - Hibernate is in classpath; If applicable, HQL parser will be used.
2026-03-31 00:57:01 [restartedMain] INFO  o.s.d.r.c.DeferredRepositoryInitializationListener - Spring Data repositories initialized
2026-03-31 00:57:01 [restartedMain] INFO  c.i.i.IlovemusicBackendApplication - Started IlovemusicBackendApplication in 33.91 seconds (process running for 36.855)
2026-03-31 00:57:02 [RMI TCP Connection(5)-192.168.1.34] INFO  o.a.c.c.C.[.[.[/ilovemusic] - Initializing Spring DispatcherServlet 'dispatcherServlet'
2026-03-31 00:57:02 [RMI TCP Connection(5)-192.168.1.34] INFO  o.s.web.servlet.DispatcherServlet - Initializing Servlet 'dispatcherServlet'
2026-03-31 00:57:02 [RMI TCP Connection(5)-192.168.1.34] DEBUG o.s.web.servlet.DispatcherServlet - Detected StandardServletMultipartResolver
2026-03-31 00:57:02 [RMI TCP Connection(5)-192.168.1.34] DEBUG o.s.web.servlet.DispatcherServlet - Detected AcceptHeaderLocaleResolver
2026-03-31 00:57:02 [RMI TCP Connection(5)-192.168.1.34] DEBUG o.s.web.servlet.DispatcherServlet - Detected FixedThemeResolver
2026-03-31 00:57:02 [RMI TCP Connection(5)-192.168.1.34] DEBUG o.s.web.servlet.DispatcherServlet - Detected org.springframework.web.servlet.view.DefaultRequestToViewNameTranslator@1788fd88
2026-03-31 00:57:02 [RMI TCP Connection(5)-192.168.1.34] DEBUG o.s.web.servlet.DispatcherServlet - Detected org.springframework.web.servlet.support.SessionFlashMapManager@331935b8
2026-03-31 00:57:02 [RMI TCP Connection(5)-192.168.1.34] DEBUG o.s.web.servlet.DispatcherServlet - enableLoggingRequestDetails='false': request parameters and headers will be masked to prevent unsafe logging of potentially sensitive data
2026-03-31 00:57:02 [RMI TCP Connection(5)-192.168.1.34] INFO  o.s.web.servlet.DispatcherServlet - Completed initialization in 10 ms
2026-03-31 00:57:09 [http-nio-8080-exec-1] DEBUG o.s.security.web.FilterChainProxy - Securing GET /api/auth/spotify
2026-03-31 00:57:10 [http-nio-8080-exec-1] DEBUG o.s.security.web.FilterChainProxy - Secured GET /api/auth/spotify
2026-03-31 00:57:10 [http-nio-8080-exec-1] DEBUG o.s.web.servlet.DispatcherServlet - GET "/ilovemusic/api/auth/spotify", parameters={}
2026-03-31 00:57:10 [http-nio-8080-exec-1] DEBUG o.s.w.s.m.m.a.RequestMappingHandlerMapping - Mapped to com.ilovemusic.ilovemusic_backend.controller.AuthController#spotifyRedirect(String)
2026-03-31 00:57:10 [http-nio-8080-exec-1] DEBUG o.s.w.s.m.m.a.HttpEntityMethodProcessor - Using 'application/json', given [*/*] and supported [application/json, application/*+json]
2026-03-31 00:57:10 [http-nio-8080-exec-1] DEBUG o.s.w.s.m.m.a.HttpEntityMethodProcessor - Writing [ApiResponse(success=true, message=Spotify OAuth URL generated, error=null, data={redirect_url=https: (truncated)...]
2026-03-31 00:57:10 [http-nio-8080-exec-1] DEBUG o.s.web.servlet.DispatcherServlet - Completed 200 OK
2026-03-31 00:57:13 [http-nio-8080-exec-2] DEBUG o.s.security.web.FilterChainProxy - Securing GET /api/auth/spotify
2026-03-31 00:57:13 [http-nio-8080-exec-2] DEBUG o.s.security.web.FilterChainProxy - Secured GET /api/auth/spotify
2026-03-31 00:57:13 [http-nio-8080-exec-2] DEBUG o.s.web.servlet.DispatcherServlet - GET "/ilovemusic/api/auth/spotify", parameters={}
2026-03-31 00:57:13 [http-nio-8080-exec-2] DEBUG o.s.w.s.m.m.a.RequestMappingHandlerMapping - Mapped to com.ilovemusic.ilovemusic_backend.controller.AuthController#spotifyRedirect(String)
2026-03-31 00:57:13 [http-nio-8080-exec-2] DEBUG o.s.w.s.m.m.a.HttpEntityMethodProcessor - Using 'application/json', given [*/*] and supported [application/json, application/*+json]
2026-03-31 00:57:13 [http-nio-8080-exec-2] DEBUG o.s.w.s.m.m.a.HttpEntityMethodProcessor - Writing [ApiResponse(success=true, message=Spotify OAuth URL generated, error=null, data={redirect_url=https: (truncated)...]
2026-03-31 00:57:13 [http-nio-8080-exec-2] DEBUG o.s.web.servlet.DispatcherServlet - Completed 200 OK
2026-03-31 00:57:58 [File Watcher] INFO  o.s.b.d.a.LocalDevToolsAutoConfiguration$RestartingClassPathChangeChangedEventListener - Restarting due to 35 class path changes (0 additions, 35 deletions, 0 modifications)
2026-03-31 00:57:58 [Thread-5] INFO  o.s.o.j.LocalContainerEntityManagerFactoryBean - Closing JPA EntityManagerFactory for persistence unit 'default'
2026-03-31 00:57:58 [Thread-5] INFO  com.zaxxer.hikari.HikariDataSource - HikariPool-1 - Shutdown initiated...
2026-03-31 00:57:58 [Thread-5] INFO  com.zaxxer.hikari.HikariDataSource - HikariPool-1 - Shutdown completed.
2026-03-31 00:58:07 [restartedMain] INFO  c.i.i.IlovemusicBackendApplication - Starting IlovemusicBackendApplication using Java 21.0.10 with PID 22308 (D:\SpringBoot\Projects\ilovemusic\ilovemusic-backend\build\classes\java\main started by sai in D:\SpringBoot\Projects\ilovemusic)
2026-03-31 00:58:07 [restartedMain] DEBUG c.i.i.IlovemusicBackendApplication - Running with Spring Boot v3.3.5, Spring v6.1.14
2026-03-31 00:58:07 [restartedMain] INFO  c.i.i.IlovemusicBackendApplication - The following 1 profile is active: "local"
2026-03-31 00:58:09 [restartedMain] INFO  o.s.d.r.c.RepositoryConfigurationDelegate - Bootstrapping Spring Data JPA repositories in DEFERRED mode.
2026-03-31 00:58:09 [restartedMain] INFO  o.s.d.r.c.RepositoryConfigurationDelegate - Finished Spring Data repository scanning in 68 ms. Found 4 JPA repository interfaces.
2026-03-31 00:58:09 [restartedMain] WARN  o.s.b.w.s.c.AnnotationConfigServletWebServerApplicationContext - Exception encountered during context initialization - cancelling refresh attempt: java.lang.IllegalStateException: Unable to load cache item
2026-03-31 00:58:09 [restartedMain] INFO  o.s.b.a.l.ConditionEvaluationReportLogger - 

Error starting ApplicationContext. To display the condition evaluation report re-run your application with 'debug' enabled.
2026-03-31 00:58:09 [restartedMain] ERROR o.s.boot.SpringApplication - Application run failed
java.lang.IllegalStateException: Unable to load cache item
	at org.springframework.cglib.core.internal.LoadingCache.createEntry(LoadingCache.java:75) ~[spring-core-6.1.14.jar:6.1.14]
	at org.springframework.cglib.core.internal.LoadingCache.get(LoadingCache.java:34) ~[spring-core-6.1.14.jar:6.1.14]
	at org.springframework.cglib.core.AbstractClassGenerator$ClassLoaderData.get(AbstractClassGenerator.java:130) ~[spring-core-6.1.14.jar:6.1.14]
	at org.springframework.cglib.core.AbstractClassGenerator.create(AbstractClassGenerator.java:317) ~[spring-core-6.1.14.jar:6.1.14]
	at org.springframework.cglib.proxy.Enhancer.createHelper(Enhancer.java:562) ~[spring-core-6.1.14.jar:6.1.14]
	at org.springframework.cglib.proxy.Enhancer.createClass(Enhancer.java:407) ~[spring-core-6.1.14.jar:6.1.14]
	at org.springframework.context.annotation.ConfigurationClassEnhancer.createClass(ConfigurationClassEnhancer.java:156) ~[spring-context-6.1.14.jar:6.1.14]
	at org.springframework.context.annotation.ConfigurationClassEnhancer.enhance(ConfigurationClassEnhancer.java:113) ~[spring-context-6.1.14.jar:6.1.14]
	at org.springframework.context.annotation.ConfigurationClassPostProcessor.enhanceConfigurationClasses(ConfigurationClassPostProcessor.java:534) ~[spring-context-6.1.14.jar:6.1.14]
	at org.springframework.context.annotation.ConfigurationClassPostProcessor.postProcessBeanFactory(ConfigurationClassPostProcessor.java:311) ~[spring-context-6.1.14.jar:6.1.14]
	at org.springframework.context.support.PostProcessorRegistrationDelegate.invokeBeanFactoryPostProcessors(PostProcessorRegistrationDelegate.java:363) ~[spring-context-6.1.14.jar:6.1.14]
	at org.springframework.context.support.PostProcessorRegistrationDelegate.invokeBeanFactoryPostProcessors(PostProcessorRegistrationDelegate.java:153) ~[spring-context-6.1.14.jar:6.1.14]
	at org.springframework.context.support.AbstractApplicationContext.invokeBeanFactoryPostProcessors(AbstractApplicationContext.java:789) ~[spring-context-6.1.14.jar:6.1.14]
	at org.springframework.context.support.AbstractApplicationContext.refresh(AbstractApplicationContext.java:607) ~[spring-context-6.1.14.jar:6.1.14]
	at org.springframework.boot.web.servlet.context.ServletWebServerApplicationContext.refresh(ServletWebServerApplicationContext.java:146) ~[spring-boot-3.3.5.jar:3.3.5]
	at org.springframework.boot.SpringApplication.refresh(SpringApplication.java:754) ~[spring-boot-3.3.5.jar:3.3.5]
	at org.springframework.boot.SpringApplication.refreshContext(SpringApplication.java:456) ~[spring-boot-3.3.5.jar:3.3.5]
	at org.springframework.boot.SpringApplication.run(SpringApplication.java:335) ~[spring-boot-3.3.5.jar:3.3.5]
	at org.springframework.boot.SpringApplication.run(SpringApplication.java:1363) ~[spring-boot-3.3.5.jar:3.3.5]
	at org.springframework.boot.SpringApplication.run(SpringApplication.java:1352) ~[spring-boot-3.3.5.jar:3.3.5]
	at com.ilovemusic.ilovemusic_backend.IlovemusicBackendApplication.main(IlovemusicBackendApplication.java:13) ~[main/:na]
	at java.base/jdk.internal.reflect.DirectMethodHandleAccessor.invoke(DirectMethodHandleAccessor.java:103) ~[na:na]
	at java.base/java.lang.reflect.Method.invoke(Method.java:580) ~[na:na]
	at org.springframework.boot.devtools.restart.RestartLauncher.run(RestartLauncher.java:50) ~[spring-boot-devtools-3.3.5.jar:3.3.5]
Caused by: java.lang.NoClassDefFoundError: io/github/cdimascio/dotenv/DotenvEntry
	at java.base/java.lang.Class.getDeclaredMethods0(Native Method) ~[na:na]
	at java.base/java.lang.Class.privateGetDeclaredMethods(Class.java:3580) ~[na:na]
	at java.base/java.lang.Class.getDeclaredMethods(Class.java:2678) ~[na:na]
	at org.springframework.cglib.core.ReflectUtils.addAllMethods(ReflectUtils.java:396) ~[spring-core-6.1.14.jar:6.1.14]
	at org.springframework.cglib.proxy.Enhancer.getMethods(Enhancer.java:627) ~[spring-core-6.1.14.jar:6.1.14]
	at org.springframework.cglib.proxy.Enhancer.generateClass(Enhancer.java:664) ~[spring-core-6.1.14.jar:6.1.14]
	at org.springframework.cglib.transform.TransformingClassGenerator.generateClass(TransformingClassGenerator.java:35) ~[spring-core-6.1.14.jar:6.1.14]
	at org.springframework.cglib.core.DefaultGeneratorStrategy.generate(DefaultGeneratorStrategy.java:26) ~[spring-core-6.1.14.jar:6.1.14]
	at org.springframework.cglib.core.ClassLoaderAwareGeneratorStrategy.generate(ClassLoaderAwareGeneratorStrategy.java:57) ~[spring-core-6.1.14.jar:6.1.14]
	at org.springframework.cglib.core.AbstractClassGenerator.generate(AbstractClassGenerator.java:366) ~[spring-core-6.1.14.jar:6.1.14]
	at org.springframework.cglib.proxy.Enhancer.generate(Enhancer.java:575) ~[spring-core-6.1.14.jar:6.1.14]
	at org.springframework.cglib.core.AbstractClassGenerator$ClassLoaderData.lambda$new$1(AbstractClassGenerator.java:107) ~[spring-core-6.1.14.jar:6.1.14]
	at org.springframework.cglib.core.internal.LoadingCache.lambda$createEntry$1(LoadingCache.java:52) ~[spring-core-6.1.14.jar:6.1.14]
	at java.base/java.util.concurrent.FutureTask.run(FutureTask.java:317) ~[na:na]
	at org.springframework.cglib.core.internal.LoadingCache.createEntry(LoadingCache.java:57) ~[spring-core-6.1.14.jar:6.1.14]
	... 23 common frames omitted
Caused by: java.lang.ClassNotFoundException: io.github.cdimascio.dotenv.DotenvEntry
	at java.base/jdk.internal.loader.BuiltinClassLoader.loadClass(BuiltinClassLoader.java:641) ~[na:na]
	at java.base/jdk.internal.loader.ClassLoaders$AppClassLoader.loadClass(ClassLoaders.java:188) ~[na:na]
	at java.base/java.lang.ClassLoader.loadClass(ClassLoader.java:526) ~[na:na]
	at java.base/java.lang.Class.forName0(Native Method) ~[na:na]
	at java.base/java.lang.Class.forName(Class.java:536) ~[na:na]
	at java.base/java.lang.Class.forName(Class.java:515) ~[na:na]
	at org.springframework.boot.devtools.restart.classloader.RestartClassLoader.loadClass(RestartClassLoader.java:121) ~[spring-boot-devtools-3.3.5.jar:3.3.5]
	at java.base/java.lang.ClassLoader.loadClass(ClassLoader.java:526) ~[na:na]
	... 38 common frames omitted
2026-03-31 00:58:54 [restartedMain] INFO  c.i.i.IlovemusicBackendApplication - Starting IlovemusicBackendApplication using Java 21.0.10 with PID 22308 (D:\SpringBoot\Projects\ilovemusic\ilovemusic-backend\build\classes\java\main started by sai in D:\SpringBoot\Projects\ilovemusic)
2026-03-31 00:58:54 [restartedMain] DEBUG c.i.i.IlovemusicBackendApplication - Running with Spring Boot v3.3.5, Spring v6.1.14
2026-03-31 00:58:54 [restartedMain] INFO  c.i.i.IlovemusicBackendApplication - The following 1 profile is active: "local"
2026-03-31 00:58:55 [restartedMain] INFO  o.s.d.r.c.RepositoryConfigurationDelegate - Bootstrapping Spring Data JPA repositories in DEFERRED mode.
2026-03-31 00:58:55 [restartedMain] INFO  o.s.d.r.c.RepositoryConfigurationDelegate - Finished Spring Data repository scanning in 33 ms. Found 4 JPA repository interfaces.
2026-03-31 00:58:55 [restartedMain] WARN  o.s.b.w.s.c.AnnotationConfigServletWebServerApplicationContext - Exception encountered during context initialization - cancelling refresh attempt: java.lang.IllegalStateException: Unable to load cache item
2026-03-31 00:58:55 [restartedMain] INFO  o.s.b.a.l.ConditionEvaluationReportLogger - 

Error starting ApplicationContext. To display the condition evaluation report re-run your application with 'debug' enabled.
2026-03-31 00:58:55 [restartedMain] ERROR o.s.boot.SpringApplication - Application run failed
java.lang.IllegalStateException: Unable to load cache item
	at org.springframework.cglib.core.internal.LoadingCache.createEntry(LoadingCache.java:75) ~[spring-core-6.1.14.jar:6.1.14]
	at org.springframework.cglib.core.internal.LoadingCache.get(LoadingCache.java:34) ~[spring-core-6.1.14.jar:6.1.14]
	at org.springframework.cglib.core.AbstractClassGenerator$ClassLoaderData.get(AbstractClassGenerator.java:130) ~[spring-core-6.1.14.jar:6.1.14]
	at org.springframework.cglib.core.AbstractClassGenerator.create(AbstractClassGenerator.java:317) ~[spring-core-6.1.14.jar:6.1.14]
	at org.springframework.cglib.proxy.Enhancer.createHelper(Enhancer.java:562) ~[spring-core-6.1.14.jar:6.1.14]
	at org.springframework.cglib.proxy.Enhancer.createClass(Enhancer.java:407) ~[spring-core-6.1.14.jar:6.1.14]
	at org.springframework.context.annotation.ConfigurationClassEnhancer.createClass(ConfigurationClassEnhancer.java:156) ~[spring-context-6.1.14.jar:6.1.14]
	at org.springframework.context.annotation.ConfigurationClassEnhancer.enhance(ConfigurationClassEnhancer.java:113) ~[spring-context-6.1.14.jar:6.1.14]
	at org.springframework.context.annotation.ConfigurationClassPostProcessor.enhanceConfigurationClasses(ConfigurationClassPostProcessor.java:534) ~[spring-context-6.1.14.jar:6.1.14]
	at org.springframework.context.annotation.ConfigurationClassPostProcessor.postProcessBeanFactory(ConfigurationClassPostProcessor.java:311) ~[spring-context-6.1.14.jar:6.1.14]
	at org.springframework.context.support.PostProcessorRegistrationDelegate.invokeBeanFactoryPostProcessors(PostProcessorRegistrationDelegate.java:363) ~[spring-context-6.1.14.jar:6.1.14]
	at org.springframework.context.support.PostProcessorRegistrationDelegate.invokeBeanFactoryPostProcessors(PostProcessorRegistrationDelegate.java:153) ~[spring-context-6.1.14.jar:6.1.14]
	at org.springframework.context.support.AbstractApplicationContext.invokeBeanFactoryPostProcessors(AbstractApplicationContext.java:789) ~[spring-context-6.1.14.jar:6.1.14]
	at org.springframework.context.support.AbstractApplicationContext.refresh(AbstractApplicationContext.java:607) ~[spring-context-6.1.14.jar:6.1.14]
	at org.springframework.boot.web.servlet.context.ServletWebServerApplicationContext.refresh(ServletWebServerApplicationContext.java:146) ~[spring-boot-3.3.5.jar:3.3.5]
	at org.springframework.boot.SpringApplication.refresh(SpringApplication.java:754) ~[spring-boot-3.3.5.jar:3.3.5]
	at org.springframework.boot.SpringApplication.refreshContext(SpringApplication.java:456) ~[spring-boot-3.3.5.jar:3.3.5]
	at org.springframework.boot.SpringApplication.run(SpringApplication.java:335) ~[spring-boot-3.3.5.jar:3.3.5]
	at org.springframework.boot.SpringApplication.run(SpringApplication.java:1363) ~[spring-boot-3.3.5.jar:3.3.5]
	at org.springframework.boot.SpringApplication.run(SpringApplication.java:1352) ~[spring-boot-3.3.5.jar:3.3.5]
	at com.ilovemusic.ilovemusic_backend.IlovemusicBackendApplication.main(IlovemusicBackendApplication.java:13) ~[main/:na]
	at java.base/jdk.internal.reflect.DirectMethodHandleAccessor.invoke(DirectMethodHandleAccessor.java:103) ~[na:na]
	at java.base/java.lang.reflect.Method.invoke(Method.java:580) ~[na:na]
	at org.springframework.boot.devtools.restart.RestartLauncher.run(RestartLauncher.java:50) ~[spring-boot-devtools-3.3.5.jar:3.3.5]
Caused by: java.lang.NoClassDefFoundError: io/github/cdimascio/dotenv/DotenvEntry
	at java.base/java.lang.Class.getDeclaredMethods0(Native Method) ~[na:na]
	at java.base/java.lang.Class.privateGetDeclaredMethods(Class.java:3580) ~[na:na]
	at java.base/java.lang.Class.getDeclaredMethods(Class.java:2678) ~[na:na]
	at org.springframework.cglib.core.ReflectUtils.addAllMethods(ReflectUtils.java:396) ~[spring-core-6.1.14.jar:6.1.14]
	at org.springframework.cglib.proxy.Enhancer.getMethods(Enhancer.java:627) ~[spring-core-6.1.14.jar:6.1.14]
	at org.springframework.cglib.proxy.Enhancer.generateClass(Enhancer.java:664) ~[spring-core-6.1.14.jar:6.1.14]
	at org.springframework.cglib.transform.TransformingClassGenerator.generateClass(TransformingClassGenerator.java:35) ~[spring-core-6.1.14.jar:6.1.14]
	at org.springframework.cglib.core.DefaultGeneratorStrategy.generate(DefaultGeneratorStrategy.java:26) ~[spring-core-6.1.14.jar:6.1.14]
	at org.springframework.cglib.core.ClassLoaderAwareGeneratorStrategy.generate(ClassLoaderAwareGeneratorStrategy.java:57) ~[spring-core-6.1.14.jar:6.1.14]
	at org.springframework.cglib.core.AbstractClassGenerator.generate(AbstractClassGenerator.java:366) ~[spring-core-6.1.14.jar:6.1.14]
	at org.springframework.cglib.proxy.Enhancer.generate(Enhancer.java:575) ~[spring-core-6.1.14.jar:6.1.14]
	at org.springframework.cglib.core.AbstractClassGenerator$ClassLoaderData.lambda$new$1(AbstractClassGenerator.java:107) ~[spring-core-6.1.14.jar:6.1.14]
	at org.springframework.cglib.core.internal.LoadingCache.lambda$createEntry$1(LoadingCache.java:52) ~[spring-core-6.1.14.jar:6.1.14]
	at java.base/java.util.concurrent.FutureTask.run(FutureTask.java:317) ~[na:na]
	at org.springframework.cglib.core.internal.LoadingCache.createEntry(LoadingCache.java:57) ~[spring-core-6.1.14.jar:6.1.14]
	... 23 common frames omitted
Caused by: java.lang.ClassNotFoundException: io.github.cdimascio.dotenv.DotenvEntry
	at java.base/jdk.internal.loader.BuiltinClassLoader.loadClass(BuiltinClassLoader.java:641) ~[na:na]
	at java.base/jdk.internal.loader.ClassLoaders$AppClassLoader.loadClass(ClassLoaders.java:188) ~[na:na]
	at java.base/java.lang.ClassLoader.loadClass(ClassLoader.java:526) ~[na:na]
	at java.base/java.lang.Class.forName0(Native Method) ~[na:na]
	at java.base/java.lang.Class.forName(Class.java:536) ~[na:na]
	at java.base/java.lang.Class.forName(Class.java:515) ~[na:na]
	at org.springframework.boot.devtools.restart.classloader.RestartClassLoader.loadClass(RestartClassLoader.java:121) ~[spring-boot-devtools-3.3.5.jar:3.3.5]
	at java.base/java.lang.ClassLoader.loadClass(ClassLoader.java:526) ~[na:na]
	... 38 common frames omitted
2026-03-31 01:06:32 [restartedMain] INFO  c.i.i.IlovemusicBackendApplication - Starting IlovemusicBackendApplication using Java 21.0.10 with PID 24968 (D:\SpringBoot\Projects\ilovemusic\ilovemusic-backend\build\classes\java\main started by sai in D:\SpringBoot\Projects\ilovemusic)
2026-03-31 01:06:32 [restartedMain] DEBUG c.i.i.IlovemusicBackendApplication - Running with Spring Boot v3.3.5, Spring v6.1.14
2026-03-31 01:06:32 [restartedMain] INFO  c.i.i.IlovemusicBackendApplication - The following 1 profile is active: "local"
2026-03-31 01:06:32 [restartedMain] INFO  o.s.b.d.e.DevToolsPropertyDefaultsPostProcessor - Devtools property defaults active! Set 'spring.devtools.add-properties' to 'false' to disable
2026-03-31 01:06:32 [restartedMain] INFO  o.s.b.d.e.DevToolsPropertyDefaultsPostProcessor - For additional web related logging consider setting the 'logging.level.web' property to 'DEBUG'
2026-03-31 01:06:33 [restartedMain] INFO  o.s.d.r.c.RepositoryConfigurationDelegate - Bootstrapping Spring Data JPA repositories in DEFERRED mode.
2026-03-31 01:06:33 [restartedMain] INFO  o.s.d.r.c.RepositoryConfigurationDelegate - Finished Spring Data repository scanning in 124 ms. Found 4 JPA repository interfaces.
2026-03-31 01:06:33 [restartedMain] WARN  o.s.b.w.s.c.AnnotationConfigServletWebServerApplicationContext - Exception encountered during context initialization - cancelling refresh attempt: java.lang.IllegalStateException: Unable to load cache item
2026-03-31 01:06:33 [restartedMain] INFO  o.s.b.a.l.ConditionEvaluationReportLogger - 

Error starting ApplicationContext. To display the condition evaluation report re-run your application with 'debug' enabled.
2026-03-31 01:06:33 [restartedMain] ERROR o.s.boot.SpringApplication - Application run failed
java.lang.IllegalStateException: Unable to load cache item
	at org.springframework.cglib.core.internal.LoadingCache.createEntry(LoadingCache.java:75)
	at org.springframework.cglib.core.internal.LoadingCache.get(LoadingCache.java:34)
	at org.springframework.cglib.core.AbstractClassGenerator$ClassLoaderData.get(AbstractClassGenerator.java:130)
	at org.springframework.cglib.core.AbstractClassGenerator.create(AbstractClassGenerator.java:317)
	at org.springframework.cglib.proxy.Enhancer.createHelper(Enhancer.java:562)
	at org.springframework.cglib.proxy.Enhancer.createClass(Enhancer.java:407)
	at org.springframework.context.annotation.ConfigurationClassEnhancer.createClass(ConfigurationClassEnhancer.java:156)
	at org.springframework.context.annotation.ConfigurationClassEnhancer.enhance(ConfigurationClassEnhancer.java:113)
	at org.springframework.context.annotation.ConfigurationClassPostProcessor.enhanceConfigurationClasses(ConfigurationClassPostProcessor.java:534)
	at org.springframework.context.annotation.ConfigurationClassPostProcessor.postProcessBeanFactory(ConfigurationClassPostProcessor.java:311)
	at org.springframework.context.support.PostProcessorRegistrationDelegate.invokeBeanFactoryPostProcessors(PostProcessorRegistrationDelegate.java:363)
	at org.springframework.context.support.PostProcessorRegistrationDelegate.invokeBeanFactoryPostProcessors(PostProcessorRegistrationDelegate.java:153)
	at org.springframework.context.support.AbstractApplicationContext.invokeBeanFactoryPostProcessors(AbstractApplicationContext.java:789)
	at org.springframework.context.support.AbstractApplicationContext.refresh(AbstractApplicationContext.java:607)
	at org.springframework.boot.web.servlet.context.ServletWebServerApplicationContext.refresh(ServletWebServerApplicationContext.java:146)
	at org.springframework.boot.SpringApplication.refresh(SpringApplication.java:754)
	at org.springframework.boot.SpringApplication.refreshContext(SpringApplication.java:456)
	at org.springframework.boot.SpringApplication.run(SpringApplication.java:335)
	at org.springframework.boot.SpringApplication.run(SpringApplication.java:1363)
	at org.springframework.boot.SpringApplication.run(SpringApplication.java:1352)
	at com.ilovemusic.ilovemusic_backend.IlovemusicBackendApplication.main(IlovemusicBackendApplication.java:13)
	at java.base/jdk.internal.reflect.DirectMethodHandleAccessor.invoke(DirectMethodHandleAccessor.java:103)
	at java.base/java.lang.reflect.Method.invoke(Method.java:580)
	at org.springframework.boot.devtools.restart.RestartLauncher.run(RestartLauncher.java:50)
Caused by: java.lang.NoClassDefFoundError: io/github/cdimascio/dotenv/DotenvEntry
	at java.base/java.lang.Class.getDeclaredMethods0(Native Method)
	at java.base/java.lang.Class.privateGetDeclaredMethods(Class.java:3580)
	at java.base/java.lang.Class.getDeclaredMethods(Class.java:2678)
	at org.springframework.cglib.core.ReflectUtils.addAllMethods(ReflectUtils.java:396)
	at org.springframework.cglib.proxy.Enhancer.getMethods(Enhancer.java:627)
	at org.springframework.cglib.proxy.Enhancer.generateClass(Enhancer.java:664)
	at org.springframework.cglib.transform.TransformingClassGenerator.generateClass(TransformingClassGenerator.java:35)
	at org.springframework.cglib.core.DefaultGeneratorStrategy.generate(DefaultGeneratorStrategy.java:26)
	at org.springframework.cglib.core.ClassLoaderAwareGeneratorStrategy.generate(ClassLoaderAwareGeneratorStrategy.java:57)
	at org.springframework.cglib.core.AbstractClassGenerator.generate(AbstractClassGenerator.java:366)
	at org.springframework.cglib.proxy.Enhancer.generate(Enhancer.java:575)
	at org.springframework.cglib.core.AbstractClassGenerator$ClassLoaderData.lambda$new$1(AbstractClassGenerator.java:107)
	at org.springframework.cglib.core.internal.LoadingCache.lambda$createEntry$1(LoadingCache.java:52)
	at java.base/java.util.concurrent.FutureTask.run(FutureTask.java:317)
	at org.springframework.cglib.core.internal.LoadingCache.createEntry(LoadingCache.java:57)
	... 23 common frames omitted
Caused by: java.lang.ClassNotFoundException: io.github.cdimascio.dotenv.DotenvEntry
	at java.base/jdk.internal.loader.BuiltinClassLoader.loadClass(BuiltinClassLoader.java:641)
	at java.base/jdk.internal.loader.ClassLoaders$AppClassLoader.loadClass(ClassLoaders.java:188)
	at java.base/java.lang.ClassLoader.loadClass(ClassLoader.java:526)
	at java.base/java.lang.Class.forName0(Native Method)
	at java.base/java.lang.Class.forName(Class.java:536)
	at java.base/java.lang.Class.forName(Class.java:515)
	at org.springframework.boot.devtools.restart.classloader.RestartClassLoader.loadClass(RestartClassLoader.java:121)
	at java.base/java.lang.ClassLoader.loadClass(ClassLoader.java:526)
	... 38 common frames omitted
2026-03-31 21:18:36 [restartedMain] INFO  c.i.i.IlovemusicBackendApplication - Starting IlovemusicBackendApplication using Java 21.0.10 with PID 2808 (D:\SpringBoot\Projects\ilovemusic\ilovemusic-backend\build\classes\java\main started by sai in D:\SpringBoot\Projects\ilovemusic)
2026-03-31 21:18:36 [restartedMain] DEBUG c.i.i.IlovemusicBackendApplication - Running with Spring Boot v3.3.5, Spring v6.1.14
2026-03-31 21:18:36 [restartedMain] INFO  c.i.i.IlovemusicBackendApplication - The following 1 profile is active: "local"
2026-03-31 21:18:36 [restartedMain] INFO  o.s.b.d.e.DevToolsPropertyDefaultsPostProcessor - Devtools property defaults active! Set 'spring.devtools.add-properties' to 'false' to disable
2026-03-31 21:18:36 [restartedMain] INFO  o.s.b.d.e.DevToolsPropertyDefaultsPostProcessor - For additional web related logging consider setting the 'logging.level.web' property to 'DEBUG'
2026-03-31 21:18:42 [restartedMain] INFO  o.s.d.r.c.RepositoryConfigurationDelegate - Bootstrapping Spring Data JPA repositories in DEFERRED mode.
2026-03-31 21:18:43 [restartedMain] INFO  o.s.d.r.c.RepositoryConfigurationDelegate - Finished Spring Data repository scanning in 718 ms. Found 4 JPA repository interfaces.
2026-03-31 21:18:47 [restartedMain] INFO  o.s.b.w.e.tomcat.TomcatWebServer - Tomcat initialized with port 8080 (http)
2026-03-31 21:18:47 [restartedMain] INFO  o.a.catalina.core.StandardService - Starting service [Tomcat]
2026-03-31 21:18:47 [restartedMain] INFO  o.a.catalina.core.StandardEngine - Starting Servlet engine: [Apache Tomcat/10.1.31]
2026-03-31 21:18:47 [restartedMain] INFO  o.a.c.c.C.[.[.[/ilovemusic] - Initializing Spring embedded WebApplicationContext
2026-03-31 21:18:47 [restartedMain] INFO  o.s.b.w.s.c.ServletWebServerApplicationContext - Root WebApplicationContext: initialization completed in 11360 ms
2026-03-31 21:18:49 [restartedMain] DEBUG c.i.i.config.JwtAuthenticationFilter - Filter 'jwtAuthenticationFilter' configured for use
2026-03-31 21:18:49 [restartedMain] DEBUG o.s.w.f.ServerHttpObservationFilter - Filter 'webMvcObservationFilter' configured for use
2026-03-31 21:18:50 [restartedMain] INFO  com.zaxxer.hikari.HikariDataSource - HikariPool-1 - Starting...
2026-03-31 21:18:51 [restartedMain] INFO  com.zaxxer.hikari.pool.HikariPool - HikariPool-1 - Added connection org.postgresql.jdbc.PgConnection@5cf2b32e
2026-03-31 21:18:51 [restartedMain] INFO  com.zaxxer.hikari.HikariDataSource - HikariPool-1 - Start completed.
2026-03-31 21:18:51 [restartedMain] INFO  org.flywaydb.core.FlywayExecutor - Database: jdbc:postgresql://localhost:5432/ilovemusic (PostgreSQL 18.2)
2026-03-31 21:18:51 [restartedMain] WARN  o.f.c.i.database.base.Database - Flyway upgrade recommended: PostgreSQL 18.2 is newer than this version of Flyway and support has not been tested. The latest supported version of PostgreSQL is 16.
2026-03-31 21:18:52 [restartedMain] INFO  o.f.core.internal.command.DbValidate - Successfully validated 4 migrations (execution time 00:00.336s)
2026-03-31 21:18:52 [restartedMain] INFO  o.f.core.internal.command.DbMigrate - Current version of schema "public": 4
2026-03-31 21:18:52 [restartedMain] INFO  o.f.core.internal.command.DbMigrate - Schema "public" is up to date. No migration necessary.
2026-03-31 21:18:52 [task-1] INFO  o.h.jpa.internal.util.LogHelper - HHH000204: Processing PersistenceUnitInfo [name: default]
2026-03-31 21:18:52 [task-1] INFO  org.hibernate.Version - HHH000412: Hibernate ORM core version 6.5.3.Final
2026-03-31 21:18:53 [task-1] INFO  o.h.c.i.RegionFactoryInitiator - HHH000026: Second-level cache disabled
2026-03-31 21:18:54 [restartedMain] DEBUG o.s.s.c.a.a.c.AuthenticationConfiguration$DefaultPasswordEncoderAuthenticationManagerBuilder - No authenticationProviders and no parentAuthenticationManager defined. Returning null.
2026-03-31 21:18:54 [task-1] INFO  o.s.o.j.p.SpringPersistenceUnitInfo - No LoadTimeWeaver setup: ignoring JPA class transformer
2026-03-31 21:18:55 [task-1] WARN  org.hibernate.orm.deprecation - HHH90000025: PostgreSQLDialect does not need to be specified explicitly using 'hibernate.dialect' (remove the property setting and it will be selected by default)
2026-03-31 21:18:55 [task-1] DEBUG o.h.t.d.sql.spi.DdlTypeRegistry - addDescriptor(2003, org.hibernate.type.descriptor.sql.internal.ArrayDdlTypeImpl@17f258eb) replaced previous registration(org.hibernate.type.descriptor.sql.internal.ArrayDdlTypeImpl@5e7d9366)
2026-03-31 21:18:55 [task-1] DEBUG o.h.t.d.sql.spi.DdlTypeRegistry - addDescriptor(6, org.hibernate.type.descriptor.sql.internal.CapacityDependentDdlType@62711c59) replaced previous registration(org.hibernate.type.descriptor.sql.internal.DdlTypeImpl@65f4cd53)
2026-03-31 21:18:55 [restartedMain] DEBUG o.s.w.s.m.m.a.RequestMappingHandlerMapping - 24 mappings in 'requestMappingHandlerMapping'
2026-03-31 21:18:55 [restartedMain] DEBUG o.s.w.s.h.SimpleUrlHandlerMapping - Patterns [/webjars/**, /**] in 'resourceHandlerMapping'
2026-03-31 21:18:56 [restartedMain] INFO  o.s.b.a.e.web.EndpointLinksResolver - Exposing 4 endpoints beneath base path '/actuator'
2026-03-31 21:18:57 [restartedMain] DEBUG o.s.s.web.DefaultSecurityFilterChain - Will secure any request with filters: DisableEncodeUrlFilter, WebAsyncManagerIntegrationFilter, SecurityContextHolderFilter, HeaderWriterFilter, CorsFilter, LogoutFilter, JwtAuthenticationFilter, RequestCacheAwareFilter, SecurityContextHolderAwareRequestFilter, AnonymousAuthenticationFilter, SessionManagementFilter, ExceptionTranslationFilter, AuthorizationFilter
2026-03-31 21:18:57 [restartedMain] DEBUG o.s.w.s.m.m.a.RequestMappingHandlerAdapter - ControllerAdvice beans: 0 @ModelAttribute, 0 @InitBinder, 1 RequestBodyAdvice, 1 ResponseBodyAdvice
2026-03-31 21:18:58 [restartedMain] DEBUG o.s.w.s.m.m.a.ExceptionHandlerExceptionResolver - ControllerAdvice beans: 1 @ExceptionHandler, 1 ResponseBodyAdvice
2026-03-31 21:19:00 [restartedMain] INFO  o.s.b.d.a.OptionalLiveReloadServer - LiveReload server is running on port 35729
2026-03-31 21:19:01 [restartedMain] INFO  o.s.b.w.e.tomcat.TomcatWebServer - Tomcat started on port 8080 (http) with context path '/ilovemusic'
2026-03-31 21:19:01 [restartedMain] INFO  o.s.d.r.c.DeferredRepositoryInitializationListener - Triggering deferred initialization of Spring Data repositories…
2026-03-31 21:19:01 [task-1] INFO  o.h.e.t.j.p.i.JtaPlatformInitiator - HHH000489: No JTA platform available (set 'hibernate.transaction.jta.platform' to enable JTA platform integration)
2026-03-31 21:19:02 [task-1] INFO  o.s.o.j.LocalContainerEntityManagerFactoryBean - Initialized JPA EntityManagerFactory for persistence unit 'default'
2026-03-31 21:19:03 [restartedMain] INFO  o.s.d.j.r.query.QueryEnhancerFactory - Hibernate is in classpath; If applicable, HQL parser will be used.
2026-03-31 21:19:04 [restartedMain] INFO  o.s.d.r.c.DeferredRepositoryInitializationListener - Spring Data repositories initialized
2026-03-31 21:19:05 [restartedMain] INFO  c.i.i.IlovemusicBackendApplication - Started IlovemusicBackendApplication in 31.638 seconds (process running for 40.943)
2026-03-31 21:22:20 [SpringApplicationShutdownHook] INFO  o.s.o.j.LocalContainerEntityManagerFactoryBean - Closing JPA EntityManagerFactory for persistence unit 'default'
2026-03-31 21:22:20 [SpringApplicationShutdownHook] INFO  com.zaxxer.hikari.HikariDataSource - HikariPool-1 - Shutdown initiated...
2026-03-31 21:22:20 [SpringApplicationShutdownHook] INFO  com.zaxxer.hikari.HikariDataSource - HikariPool-1 - Shutdown completed.
2026-03-31 23:03:34 [restartedMain] INFO  c.i.i.IlovemusicBackendApplication - Starting IlovemusicBackendApplication using Java 21.0.10 with PID 5276 (D:\SpringBoot\Projects\ilovemusic\ilovemusic-backend\build\classes\java\main started by sai in D:\SpringBoot\Projects\ilovemusic)
2026-03-31 23:03:34 [restartedMain] DEBUG c.i.i.IlovemusicBackendApplication - Running with Spring Boot v3.3.5, Spring v6.1.14
2026-03-31 23:03:34 [restartedMain] INFO  c.i.i.IlovemusicBackendApplication - The following 1 profile is active: "local"
2026-03-31 23:03:34 [restartedMain] INFO  o.s.b.d.e.DevToolsPropertyDefaultsPostProcessor - Devtools property defaults active! Set 'spring.devtools.add-properties' to 'false' to disable
2026-03-31 23:03:34 [restartedMain] INFO  o.s.b.d.e.DevToolsPropertyDefaultsPostProcessor - For additional web related logging consider setting the 'logging.level.web' property to 'DEBUG'
2026-03-31 23:03:36 [restartedMain] INFO  o.s.d.r.c.RepositoryConfigurationDelegate - Bootstrapping Spring Data JPA repositories in DEFERRED mode.
2026-03-31 23:03:36 [restartedMain] INFO  o.s.d.r.c.RepositoryConfigurationDelegate - Finished Spring Data repository scanning in 229 ms. Found 4 JPA repository interfaces.
2026-03-31 23:03:37 [restartedMain] INFO  o.s.b.w.e.tomcat.TomcatWebServer - Tomcat initialized with port 8080 (http)
2026-03-31 23:03:37 [restartedMain] INFO  o.a.catalina.core.StandardService - Starting service [Tomcat]
2026-03-31 23:03:37 [restartedMain] INFO  o.a.catalina.core.StandardEngine - Starting Servlet engine: [Apache Tomcat/10.1.31]
2026-03-31 23:03:37 [restartedMain] INFO  o.a.c.c.C.[.[.[/ilovemusic] - Initializing Spring embedded WebApplicationContext
2026-03-31 23:03:37 [restartedMain] INFO  o.s.b.w.s.c.ServletWebServerApplicationContext - Root WebApplicationContext: initialization completed in 3538 ms
2026-03-31 23:03:38 [restartedMain] DEBUG c.i.i.config.JwtAuthenticationFilter - Filter 'jwtAuthenticationFilter' configured for use
2026-03-31 23:03:38 [restartedMain] DEBUG o.s.w.f.ServerHttpObservationFilter - Filter 'webMvcObservationFilter' configured for use
2026-03-31 23:03:38 [restartedMain] INFO  com.zaxxer.hikari.HikariDataSource - HikariPool-1 - Starting...
2026-03-31 23:03:39 [restartedMain] INFO  com.zaxxer.hikari.pool.HikariPool - HikariPool-1 - Added connection org.postgresql.jdbc.PgConnection@18cce631
2026-03-31 23:03:39 [restartedMain] INFO  com.zaxxer.hikari.HikariDataSource - HikariPool-1 - Start completed.
2026-03-31 23:03:39 [restartedMain] INFO  org.flywaydb.core.FlywayExecutor - Database: jdbc:postgresql://localhost:5432/ilovemusic (PostgreSQL 18.2)
2026-03-31 23:03:39 [restartedMain] WARN  o.f.c.i.database.base.Database - Flyway upgrade recommended: PostgreSQL 18.2 is newer than this version of Flyway and support has not been tested. The latest supported version of PostgreSQL is 16.
2026-03-31 23:03:39 [restartedMain] INFO  o.f.core.internal.command.DbValidate - Successfully validated 4 migrations (execution time 00:00.095s)
2026-03-31 23:03:39 [restartedMain] INFO  o.f.core.internal.command.DbMigrate - Current version of schema "public": 4
2026-03-31 23:03:39 [restartedMain] INFO  o.f.core.internal.command.DbMigrate - Schema "public" is up to date. No migration necessary.
2026-03-31 23:03:40 [task-1] INFO  o.h.jpa.internal.util.LogHelper - HHH000204: Processing PersistenceUnitInfo [name: default]
2026-03-31 23:03:41 [task-1] INFO  org.hibernate.Version - HHH000412: Hibernate ORM core version 6.5.3.Final
2026-03-31 23:03:41 [task-1] INFO  o.h.c.i.RegionFactoryInitiator - HHH000026: Second-level cache disabled
2026-03-31 23:03:43 [task-1] INFO  o.s.o.j.p.SpringPersistenceUnitInfo - No LoadTimeWeaver setup: ignoring JPA class transformer
2026-03-31 23:03:43 [restartedMain] DEBUG o.s.s.c.a.a.c.AuthenticationConfiguration$DefaultPasswordEncoderAuthenticationManagerBuilder - No authenticationProviders and no parentAuthenticationManager defined. Returning null.
2026-03-31 23:03:43 [task-1] WARN  org.hibernate.orm.deprecation - HHH90000025: PostgreSQLDialect does not need to be specified explicitly using 'hibernate.dialect' (remove the property setting and it will be selected by default)
2026-03-31 23:03:43 [task-1] DEBUG o.h.t.d.sql.spi.DdlTypeRegistry - addDescriptor(2003, org.hibernate.type.descriptor.sql.internal.ArrayDdlTypeImpl@2c7651b9) replaced previous registration(org.hibernate.type.descriptor.sql.internal.ArrayDdlTypeImpl@51813fee)
2026-03-31 23:03:43 [task-1] DEBUG o.h.t.d.sql.spi.DdlTypeRegistry - addDescriptor(6, org.hibernate.type.descriptor.sql.internal.CapacityDependentDdlType@3e6fa381) replaced previous registration(org.hibernate.type.descriptor.sql.internal.DdlTypeImpl@1823e822)
2026-03-31 23:03:43 [restartedMain] DEBUG o.s.w.s.m.m.a.RequestMappingHandlerMapping - 24 mappings in 'requestMappingHandlerMapping'
2026-03-31 23:03:43 [restartedMain] DEBUG o.s.w.s.h.SimpleUrlHandlerMapping - Patterns [/webjars/**, /**] in 'resourceHandlerMapping'
2026-03-31 23:03:44 [restartedMain] INFO  o.s.b.a.e.web.EndpointLinksResolver - Exposing 4 endpoints beneath base path '/actuator'
2026-03-31 23:03:44 [restartedMain] DEBUG o.s.s.web.DefaultSecurityFilterChain - Will secure any request with filters: DisableEncodeUrlFilter, WebAsyncManagerIntegrationFilter, SecurityContextHolderFilter, HeaderWriterFilter, CorsFilter, LogoutFilter, JwtAuthenticationFilter, RequestCacheAwareFilter, SecurityContextHolderAwareRequestFilter, AnonymousAuthenticationFilter, SessionManagementFilter, ExceptionTranslationFilter, AuthorizationFilter
2026-03-31 23:03:45 [restartedMain] DEBUG o.s.w.s.m.m.a.RequestMappingHandlerAdapter - ControllerAdvice beans: 0 @ModelAttribute, 0 @InitBinder, 1 RequestBodyAdvice, 1 ResponseBodyAdvice
2026-03-31 23:03:45 [restartedMain] DEBUG o.s.w.s.m.m.a.ExceptionHandlerExceptionResolver - ControllerAdvice beans: 1 @ExceptionHandler, 1 ResponseBodyAdvice
2026-03-31 23:03:47 [restartedMain] INFO  o.s.b.d.a.OptionalLiveReloadServer - LiveReload server is running on port 35729
2026-03-31 23:03:47 [task-1] INFO  o.h.e.t.j.p.i.JtaPlatformInitiator - HHH000489: No JTA platform available (set 'hibernate.transaction.jta.platform' to enable JTA platform integration)
2026-03-31 23:03:47 [restartedMain] INFO  o.s.b.w.e.tomcat.TomcatWebServer - Tomcat started on port 8080 (http) with context path '/ilovemusic'
2026-03-31 23:03:47 [restartedMain] INFO  o.s.d.r.c.DeferredRepositoryInitializationListener - Triggering deferred initialization of Spring Data repositories…
2026-03-31 23:03:47 [task-1] INFO  o.s.o.j.LocalContainerEntityManagerFactoryBean - Initialized JPA EntityManagerFactory for persistence unit 'default'
2026-03-31 23:03:48 [restartedMain] INFO  o.s.d.j.r.query.QueryEnhancerFactory - Hibernate is in classpath; If applicable, HQL parser will be used.
2026-03-31 23:03:49 [restartedMain] INFO  o.s.d.r.c.DeferredRepositoryInitializationListener - Spring Data repositories initialized
2026-03-31 23:03:49 [restartedMain] INFO  c.i.i.IlovemusicBackendApplication - Started IlovemusicBackendApplication in 15.998 seconds (process running for 17.636)
2026-03-31 23:03:49 [RMI TCP Connection(8)-192.168.1.34] INFO  o.a.c.c.C.[.[.[/ilovemusic] - Initializing Spring DispatcherServlet 'dispatcherServlet'
2026-03-31 23:03:49 [RMI TCP Connection(8)-192.168.1.34] INFO  o.s.web.servlet.DispatcherServlet - Initializing Servlet 'dispatcherServlet'
2026-03-31 23:03:49 [RMI TCP Connection(8)-192.168.1.34] DEBUG o.s.web.servlet.DispatcherServlet - Detected StandardServletMultipartResolver
2026-03-31 23:03:49 [RMI TCP Connection(8)-192.168.1.34] DEBUG o.s.web.servlet.DispatcherServlet - Detected AcceptHeaderLocaleResolver
2026-03-31 23:03:49 [RMI TCP Connection(8)-192.168.1.34] DEBUG o.s.web.servlet.DispatcherServlet - Detected FixedThemeResolver
2026-03-31 23:03:49 [RMI TCP Connection(8)-192.168.1.34] DEBUG o.s.web.servlet.DispatcherServlet - Detected org.springframework.web.servlet.view.DefaultRequestToViewNameTranslator@6b8ff451
2026-03-31 23:03:49 [RMI TCP Connection(8)-192.168.1.34] DEBUG o.s.web.servlet.DispatcherServlet - Detected org.springframework.web.servlet.support.SessionFlashMapManager@31ad7a27
2026-03-31 23:03:49 [RMI TCP Connection(8)-192.168.1.34] DEBUG o.s.web.servlet.DispatcherServlet - enableLoggingRequestDetails='false': request parameters and headers will be masked to prevent unsafe logging of potentially sensitive data
2026-03-31 23:03:49 [RMI TCP Connection(8)-192.168.1.34] INFO  o.s.web.servlet.DispatcherServlet - Completed initialization in 6 ms
2026-03-31 23:04:01 [File Watcher] INFO  o.s.b.d.a.LocalDevToolsAutoConfiguration$RestartingClassPathChangeChangedEventListener - Restarting due to 7 class path changes (0 additions, 0 deletions, 7 modifications)
2026-03-31 23:04:01 [Thread-5] INFO  o.s.o.j.LocalContainerEntityManagerFactoryBean - Closing JPA EntityManagerFactory for persistence unit 'default'
2026-03-31 23:04:01 [Thread-5] INFO  com.zaxxer.hikari.HikariDataSource - HikariPool-1 - Shutdown initiated...
2026-03-31 23:04:01 [Thread-5] INFO  com.zaxxer.hikari.HikariDataSource - HikariPool-1 - Shutdown completed.
2026-03-31 23:04:01 [restartedMain] INFO  c.i.i.IlovemusicBackendApplication - Starting IlovemusicBackendApplication using Java 21.0.10 with PID 5276 (D:\SpringBoot\Projects\ilovemusic\ilovemusic-backend\build\classes\java\main started by sai in D:\SpringBoot\Projects\ilovemusic)
2026-03-31 23:04:01 [restartedMain] DEBUG c.i.i.IlovemusicBackendApplication - Running with Spring Boot v3.3.5, Spring v6.1.14
2026-03-31 23:04:01 [restartedMain] INFO  c.i.i.IlovemusicBackendApplication - The following 1 profile is active: "local"
2026-03-31 23:04:02 [restartedMain] INFO  o.s.d.r.c.RepositoryConfigurationDelegate - Bootstrapping Spring Data JPA repositories in DEFERRED mode.
2026-03-31 23:04:02 [restartedMain] INFO  o.s.d.r.c.RepositoryConfigurationDelegate - Finished Spring Data repository scanning in 36 ms. Found 4 JPA repository interfaces.
2026-03-31 23:04:03 [restartedMain] INFO  o.s.b.w.e.tomcat.TomcatWebServer - Tomcat initialized with port 8080 (http)
2026-03-31 23:04:03 [restartedMain] INFO  o.a.catalina.core.StandardService - Starting service [Tomcat]
2026-03-31 23:04:03 [restartedMain] INFO  o.a.catalina.core.StandardEngine - Starting Servlet engine: [Apache Tomcat/10.1.31]
2026-03-31 23:04:03 [restartedMain] INFO  o.a.c.c.C.[.[.[/ilovemusic] - Initializing Spring embedded WebApplicationContext
2026-03-31 23:04:03 [restartedMain] INFO  o.s.b.w.s.c.ServletWebServerApplicationContext - Root WebApplicationContext: initialization completed in 1647 ms
2026-03-31 23:04:03 [restartedMain] DEBUG c.i.i.config.JwtAuthenticationFilter - Filter 'jwtAuthenticationFilter' configured for use
2026-03-31 23:04:03 [restartedMain] DEBUG o.s.w.f.ServerHttpObservationFilter - Filter 'webMvcObservationFilter' configured for use
2026-03-31 23:04:03 [restartedMain] INFO  com.zaxxer.hikari.HikariDataSource - HikariPool-2 - Starting...
2026-03-31 23:04:03 [restartedMain] INFO  com.zaxxer.hikari.pool.HikariPool - HikariPool-2 - Added connection org.postgresql.jdbc.PgConnection@61cddae
2026-03-31 23:04:03 [restartedMain] INFO  com.zaxxer.hikari.HikariDataSource - HikariPool-2 - Start completed.
2026-03-31 23:04:03 [restartedMain] INFO  org.flywaydb.core.FlywayExecutor - Database: jdbc:postgresql://localhost:5432/ilovemusic (PostgreSQL 18.2)
2026-03-31 23:04:03 [restartedMain] WARN  o.f.c.i.database.base.Database - Flyway upgrade recommended: PostgreSQL 18.2 is newer than this version of Flyway and support has not been tested. The latest supported version of PostgreSQL is 16.
2026-03-31 23:04:03 [restartedMain] INFO  o.f.core.internal.command.DbValidate - Successfully validated 4 migrations (execution time 00:00.014s)
2026-03-31 23:04:03 [restartedMain] INFO  o.f.core.internal.command.DbMigrate - Current version of schema "public": 4
2026-03-31 23:04:03 [restartedMain] INFO  o.f.core.internal.command.DbMigrate - Schema "public" is up to date. No migration necessary.
2026-03-31 23:04:03 [task-1] INFO  o.h.jpa.internal.util.LogHelper - HHH000204: Processing PersistenceUnitInfo [name: default]
2026-03-31 23:04:03 [task-1] INFO  o.h.c.i.RegionFactoryInitiator - HHH000026: Second-level cache disabled
2026-03-31 23:04:04 [task-1] INFO  o.s.o.j.p.SpringPersistenceUnitInfo - No LoadTimeWeaver setup: ignoring JPA class transformer
2026-03-31 23:04:04 [task-1] WARN  org.hibernate.orm.deprecation - HHH90000025: PostgreSQLDialect does not need to be specified explicitly using 'hibernate.dialect' (remove the property setting and it will be selected by default)
2026-03-31 23:04:04 [task-1] DEBUG o.h.t.d.sql.spi.DdlTypeRegistry - addDescriptor(2003, org.hibernate.type.descriptor.sql.internal.ArrayDdlTypeImpl@4beb29f4) replaced previous registration(org.hibernate.type.descriptor.sql.internal.ArrayDdlTypeImpl@77e55618)
2026-03-31 23:04:04 [task-1] DEBUG o.h.t.d.sql.spi.DdlTypeRegistry - addDescriptor(6, org.hibernate.type.descriptor.sql.internal.CapacityDependentDdlType@5b5d7954) replaced previous registration(org.hibernate.type.descriptor.sql.internal.DdlTypeImpl@6024ae7f)
2026-03-31 23:04:05 [task-1] INFO  o.h.e.t.j.p.i.JtaPlatformInitiator - HHH000489: No JTA platform available (set 'hibernate.transaction.jta.platform' to enable JTA platform integration)
2026-03-31 23:04:05 [task-1] INFO  o.s.o.j.LocalContainerEntityManagerFactoryBean - Initialized JPA EntityManagerFactory for persistence unit 'default'
2026-03-31 23:04:05 [restartedMain] DEBUG o.s.s.c.a.a.c.AuthenticationConfiguration$DefaultPasswordEncoderAuthenticationManagerBuilder - No authenticationProviders and no parentAuthenticationManager defined. Returning null.
2026-03-31 23:04:06 [restartedMain] DEBUG o.s.w.s.m.m.a.RequestMappingHandlerMapping - 24 mappings in 'requestMappingHandlerMapping'
2026-03-31 23:04:06 [restartedMain] DEBUG o.s.w.s.h.SimpleUrlHandlerMapping - Patterns [/webjars/**, /**] in 'resourceHandlerMapping'
2026-03-31 23:04:07 [restartedMain] INFO  o.s.b.a.e.web.EndpointLinksResolver - Exposing 4 endpoints beneath base path '/actuator'
2026-03-31 23:04:08 [restartedMain] DEBUG o.s.s.web.DefaultSecurityFilterChain - Will secure any request with filters: DisableEncodeUrlFilter, WebAsyncManagerIntegrationFilter, SecurityContextHolderFilter, HeaderWriterFilter, CorsFilter, LogoutFilter, JwtAuthenticationFilter, RequestCacheAwareFilter, SecurityContextHolderAwareRequestFilter, AnonymousAuthenticationFilter, SessionManagementFilter, ExceptionTranslationFilter, AuthorizationFilter
2026-03-31 23:04:08 [restartedMain] DEBUG o.s.w.s.m.m.a.RequestMappingHandlerAdapter - ControllerAdvice beans: 0 @ModelAttribute, 0 @InitBinder, 1 RequestBodyAdvice, 1 ResponseBodyAdvice
2026-03-31 23:04:08 [restartedMain] DEBUG o.s.w.s.m.m.a.ExceptionHandlerExceptionResolver - ControllerAdvice beans: 1 @ExceptionHandler, 1 ResponseBodyAdvice
2026-03-31 23:04:12 [restartedMain] INFO  o.s.b.d.a.OptionalLiveReloadServer - LiveReload server is running on port 35729
2026-03-31 23:04:13 [restartedMain] INFO  o.s.b.w.e.tomcat.TomcatWebServer - Tomcat started on port 8080 (http) with context path '/ilovemusic'
2026-03-31 23:04:13 [restartedMain] INFO  o.s.d.r.c.DeferredRepositoryInitializationListener - Triggering deferred initialization of Spring Data repositories…
2026-03-31 23:04:14 [restartedMain] INFO  o.s.d.r.c.DeferredRepositoryInitializationListener - Spring Data repositories initialized
2026-03-31 23:04:14 [restartedMain] INFO  c.i.i.IlovemusicBackendApplication - Started IlovemusicBackendApplication in 12.725 seconds (process running for 42.593)
2026-03-31 23:04:14 [restartedMain] INFO  o.s.b.d.a.ConditionEvaluationDeltaLoggingListener - Condition evaluation unchanged
2026-03-31 23:05:29 [http-nio-8080-exec-3] INFO  o.a.c.c.C.[.[.[/ilovemusic] - Initializing Spring DispatcherServlet 'dispatcherServlet'
2026-03-31 23:05:29 [http-nio-8080-exec-3] INFO  o.s.web.servlet.DispatcherServlet - Initializing Servlet 'dispatcherServlet'
2026-03-31 23:05:29 [http-nio-8080-exec-3] DEBUG o.s.web.servlet.DispatcherServlet - Detected StandardServletMultipartResolver
2026-03-31 23:05:29 [http-nio-8080-exec-3] DEBUG o.s.web.servlet.DispatcherServlet - Detected AcceptHeaderLocaleResolver
2026-03-31 23:05:29 [http-nio-8080-exec-3] DEBUG o.s.web.servlet.DispatcherServlet - Detected FixedThemeResolver
2026-03-31 23:05:29 [http-nio-8080-exec-3] DEBUG o.s.web.servlet.DispatcherServlet - Detected org.springframework.web.servlet.view.DefaultRequestToViewNameTranslator@53edcafa
2026-03-31 23:05:29 [http-nio-8080-exec-3] DEBUG o.s.web.servlet.DispatcherServlet - Detected org.springframework.web.servlet.support.SessionFlashMapManager@2c600cea
2026-03-31 23:05:29 [http-nio-8080-exec-3] DEBUG o.s.web.servlet.DispatcherServlet - enableLoggingRequestDetails='false': request parameters and headers will be masked to prevent unsafe logging of potentially sensitive data
2026-03-31 23:05:29 [http-nio-8080-exec-3] INFO  o.s.web.servlet.DispatcherServlet - Completed initialization in 3 ms
2026-03-31 23:05:29 [http-nio-8080-exec-3] DEBUG o.s.security.web.FilterChainProxy - Securing POST /api/auth/login
2026-03-31 23:05:29 [http-nio-8080-exec-3] DEBUG o.s.s.w.a.AnonymousAuthenticationFilter - Set SecurityContextHolder to anonymous SecurityContext
2026-03-31 23:05:29 [http-nio-8080-exec-3] DEBUG o.s.security.web.FilterChainProxy - Secured POST /api/auth/login
2026-03-31 23:05:29 [http-nio-8080-exec-3] DEBUG o.s.web.servlet.DispatcherServlet - POST "/ilovemusic/api/auth/login", parameters={}
2026-03-31 23:05:29 [http-nio-8080-exec-3] DEBUG o.s.w.s.m.m.a.RequestMappingHandlerMapping - Mapped to com.ilovemusic.ilovemusic_backend.controller.AuthController#login(Map)
2026-03-31 23:05:30 [http-nio-8080-exec-3] DEBUG o.s.w.s.m.m.a.RequestResponseBodyMethodProcessor - Read "application/json;charset=UTF-8" to [{username=sai, password=Test@1234}]
2026-03-31 23:05:30 [http-nio-8080-exec-3] DEBUG org.hibernate.SQL - 
    /* <criteria> */ select
        u1_0.id,
        u1_0.created_at,
        u1_0.email,
        u1_0.password,
        u1_0.spotify_id,
        u1_0.updated_at,
        u1_0.username,
        u1_0.youtube_id 
    from
        users u1_0 
    where
        u1_0.username=?
2026-03-31 23:05:30 [http-nio-8080-exec-3] DEBUG o.s.w.s.m.m.a.HttpEntityMethodProcessor - Using 'application/json', given [*/*] and supported [application/json, application/*+json]
2026-03-31 23:05:30 [http-nio-8080-exec-3] DEBUG o.s.w.s.m.m.a.HttpEntityMethodProcessor - Writing [ApiResponse(success=true, message=Login successful, error=null, data={email=sai@ilovemusic.com, toke (truncated)...]
2026-03-31 23:05:30 [http-nio-8080-exec-3] DEBUG o.s.web.servlet.DispatcherServlet - Completed 200 OK
2026-03-31 23:05:50 [http-nio-8080-exec-6] DEBUG o.s.security.web.FilterChainProxy - Securing GET /api/auth/spotify
2026-03-31 23:05:50 [http-nio-8080-exec-6] DEBUG o.s.security.web.FilterChainProxy - Secured GET /api/auth/spotify
2026-03-31 23:05:50 [http-nio-8080-exec-6] DEBUG o.s.web.servlet.DispatcherServlet - GET "/ilovemusic/api/auth/spotify", parameters={}
2026-03-31 23:05:50 [http-nio-8080-exec-6] DEBUG o.s.w.s.m.m.a.RequestMappingHandlerMapping - Mapped to com.ilovemusic.ilovemusic_backend.controller.AuthController#spotifyRedirect(String)
2026-03-31 23:05:50 [http-nio-8080-exec-6] INFO  c.i.i.controller.AuthController - Spotify OAuth URL generation - Client ID: ***
2026-03-31 23:05:50 [http-nio-8080-exec-6] DEBUG c.i.i.controller.AuthController - Spotify Client ID value: c8eb7a56f7db4918a274e8247fabef89
2026-03-31 23:05:50 [http-nio-8080-exec-6] DEBUG c.i.i.controller.AuthController - App Base URL: http://localhost:8080
2026-03-31 23:05:50 [http-nio-8080-exec-6] DEBUG o.s.w.s.m.m.a.HttpEntityMethodProcessor - Using 'application/json', given [*/*] and supported [application/json, application/*+json]
2026-03-31 23:05:50 [http-nio-8080-exec-6] DEBUG o.s.w.s.m.m.a.HttpEntityMethodProcessor - Writing [ApiResponse(success=true, message=Spotify OAuth URL generated, error=null, data={redirect_url=https: (truncated)...]
2026-03-31 23:05:50 [http-nio-8080-exec-6] DEBUG o.s.web.servlet.DispatcherServlet - Completed 200 OK
2026-03-31 23:05:59 [http-nio-8080-exec-7] DEBUG o.s.security.web.FilterChainProxy - Securing GET /api/auth/spotify/callback?code=AQARzIBYpo0hhviurEshJn0-FWjO7fvSUy0LqwxiqggBDb2Pru9v5c_ER5h3YE7LTWIRQdIrzb-slUtOVd4ayMDpTUEdB94jFrQe6rXbMdZfA1KucirXMa1525NcSQGkHZ7BJKjhE9BTsUceDOS8sSCTHI4A8IBjV7jnXCvv42v1FY6pW5wfRO2TRkN6ONDHSHonSmJeKrvkjPePkQ6EDmyJc0a-Wd7VKBbcpsWio5Ood1EA0YB-77ykdu_BMeGUM9G9EDcVGJs3MlTfJZkHNtOK7sbZwYR1ogbIsnEPtlktg7naPk3wH_3e3HuxL4kQ3VI2LyPZOdSQ7ujTyfcok9guPQ&state=eyJhbGciOiJIUzUxMiJ9.eyJzdWIiOiJzYWkiLCJpYXQiOjE3NzQ4OTU5NTEsImV4cCI6MTc3NDk4MjM1MX0.08mMOpkfXtEvYhHK0eFTkaDHjYXo8tbHgOs6XMibTcWP3glmRr1N3fiLLdZe57qxtaZYOZ7BxUK-EmRDzsWzwA
2026-03-31 23:05:59 [http-nio-8080-exec-7] DEBUG o.s.s.w.a.AnonymousAuthenticationFilter - Set SecurityContextHolder to anonymous SecurityContext
2026-03-31 23:05:59 [http-nio-8080-exec-7] DEBUG o.s.security.web.FilterChainProxy - Secured GET /api/auth/spotify/callback?code=AQARzIBYpo0hhviurEshJn0-FWjO7fvSUy0LqwxiqggBDb2Pru9v5c_ER5h3YE7LTWIRQdIrzb-slUtOVd4ayMDpTUEdB94jFrQe6rXbMdZfA1KucirXMa1525NcSQGkHZ7BJKjhE9BTsUceDOS8sSCTHI4A8IBjV7jnXCvv42v1FY6pW5wfRO2TRkN6ONDHSHonSmJeKrvkjPePkQ6EDmyJc0a-Wd7VKBbcpsWio5Ood1EA0YB-77ykdu_BMeGUM9G9EDcVGJs3MlTfJZkHNtOK7sbZwYR1ogbIsnEPtlktg7naPk3wH_3e3HuxL4kQ3VI2LyPZOdSQ7ujTyfcok9guPQ&state=eyJhbGciOiJIUzUxMiJ9.eyJzdWIiOiJzYWkiLCJpYXQiOjE3NzQ4OTU5NTEsImV4cCI6MTc3NDk4MjM1MX0.08mMOpkfXtEvYhHK0eFTkaDHjYXo8tbHgOs6XMibTcWP3glmRr1N3fiLLdZe57qxtaZYOZ7BxUK-EmRDzsWzwA
2026-03-31 23:05:59 [http-nio-8080-exec-7] DEBUG o.s.web.servlet.DispatcherServlet - GET "/ilovemusic/api/auth/spotify/callback?code=AQARzIBYpo0hhviurEshJn0-FWjO7fvSUy0LqwxiqggBDb2Pru9v5c_ER5h3YE7LTWIRQdIrzb-slUtOVd4ayMDpTUEdB94jFrQe6rXbMdZfA1KucirXMa1525NcSQGkHZ7BJKjhE9BTsUceDOS8sSCTHI4A8IBjV7jnXCvv42v1FY6pW5wfRO2TRkN6ONDHSHonSmJeKrvkjPePkQ6EDmyJc0a-Wd7VKBbcpsWio5Ood1EA0YB-77ykdu_BMeGUM9G9EDcVGJs3MlTfJZkHNtOK7sbZwYR1ogbIsnEPtlktg7naPk3wH_3e3HuxL4kQ3VI2LyPZOdSQ7ujTyfcok9guPQ&state=eyJhbGciOiJIUzUxMiJ9.eyJzdWIiOiJzYWkiLCJpYXQiOjE3NzQ4OTU5NTEsImV4cCI6MTc3NDk4MjM1MX0.08mMOpkfXtEvYhHK0eFTkaDHjYXo8tbHgOs6XMibTcWP3glmRr1N3fiLLdZe57qxtaZYOZ7BxUK-EmRDzsWzwA", parameters={masked}
2026-03-31 23:05:59 [http-nio-8080-exec-7] DEBUG o.s.w.s.m.m.a.RequestMappingHandlerMapping - Mapped to com.ilovemusic.ilovemusic_backend.controller.AuthController#spotifyCallback(String, String)
2026-03-31 23:05:59 [http-nio-8080-exec-7] INFO  c.i.i.controller.AuthController - Spotify OAuth callback received
2026-03-31 23:05:59 [http-nio-8080-exec-7] DEBUG org.hibernate.SQL - 
    /* <criteria> */ select
        u1_0.id,
        u1_0.created_at,
        u1_0.email,
        u1_0.password,
        u1_0.spotify_id,
        u1_0.updated_at,
        u1_0.username,
        u1_0.youtube_id 
    from
        users u1_0 
    where
        u1_0.username=?
2026-03-31 23:05:59 [http-nio-8080-exec-7] INFO  c.i.i.service.SpotifyService - Exchanging Spotify authorization code for tokens
2026-03-31 23:05:59 [http-nio-8080-exec-7] DEBUG o.s.w.r.f.client.ExchangeFunctions - [2fe2895f] HTTP POST https://accounts.spotify.com/api/token
2026-03-31 23:06:00 [reactor-http-nio-2] DEBUG org.springframework.web.HttpLogging - [2fe2895f] Writing form fields [grant_type, code, redirect_uri] (content masked)
2026-03-31 23:06:00 [reactor-http-nio-2] DEBUG o.s.w.r.f.client.ExchangeFunctions - [2fe2895f] [b106ed7d-1] Response 200 OK
2026-03-31 23:06:00 [reactor-http-nio-2] DEBUG org.springframework.web.HttpLogging - [2fe2895f] [b106ed7d-1] Decoded [{"access_token":"BQBjkIrrxzJ9cHX1R1kxvb1cvgu5X0Yd0uOZOSMoL917LRoCJrf99Djz806GLIKVIaVCiXr7fIWN9rdApj9 (truncated)...]
2026-03-31 23:06:00 [http-nio-8080-exec-7] DEBUG org.hibernate.SQL - 
    /* <criteria> */ select
        ot1_0.id,
        ot1_0.access_token,
        ot1_0.created_at,
        ot1_0.expires_in,
        ot1_0.provider,
        ot1_0.refresh_token,
        ot1_0.updated_at,
        ot1_0.user_id 
    from
        oauth_tokens ot1_0 
    where
        ot1_0.user_id=? 
        and ot1_0.provider=?
2026-03-31 23:06:00 [http-nio-8080-exec-7] DEBUG org.hibernate.SQL - 
    select
        ot1_0.id,
        ot1_0.access_token,
        ot1_0.created_at,
        ot1_0.expires_in,
        ot1_0.provider,
        ot1_0.refresh_token,
        ot1_0.updated_at,
        ot1_0.user_id 
    from
        oauth_tokens ot1_0 
    where
        ot1_0.id=?
2026-03-31 23:06:00 [http-nio-8080-exec-7] DEBUG org.hibernate.SQL - 
    /* update
        for com.ilovemusic.ilovemusic_backend.entity.OAuthToken */update oauth_tokens 
    set
        access_token=?,
        created_at=?,
        expires_in=?,
        provider=?,
        refresh_token=?,
        updated_at=?,
        user_id=? 
    where
        id=?
2026-03-31 23:06:00 [http-nio-8080-exec-7] INFO  c.i.i.service.SpotifyService - Spotify tokens saved for user 2
2026-03-31 23:06:00 [http-nio-8080-exec-7] DEBUG org.hibernate.SQL - 
    /* <criteria> */ select
        ot1_0.id,
        ot1_0.access_token,
        ot1_0.created_at,
        ot1_0.expires_in,
        ot1_0.provider,
        ot1_0.refresh_token,
        ot1_0.updated_at,
        ot1_0.user_id 
    from
        oauth_tokens ot1_0 
    where
        ot1_0.user_id=? 
        and ot1_0.provider=?
2026-03-31 23:06:00 [http-nio-8080-exec-7] DEBUG o.s.w.r.f.client.ExchangeFunctions - [6aa1e926] HTTP GET https://api.spotify.com/v1/me
2026-03-31 23:06:01 [reactor-http-nio-3] DEBUG o.s.w.r.f.client.ExchangeFunctions - [6aa1e926] [d5318795-1] Response 200 OK
2026-03-31 23:06:01 [reactor-http-nio-3] DEBUG org.springframework.web.HttpLogging - [6aa1e926] [d5318795-1] Decoded [{"display_name":"Narasimha sai","external_urls":{"spotify":"https://open.spotify.com/user/31zkdqcx7z (truncated)...]
2026-03-31 23:06:01 [http-nio-8080-exec-7] DEBUG org.hibernate.SQL - 
    select
        u1_0.id,
        u1_0.created_at,
        u1_0.email,
        u1_0.password,
        u1_0.spotify_id,
        u1_0.updated_at,
        u1_0.username,
        u1_0.youtube_id,
        ot1_0.user_id,
        ot1_0.id,
        ot1_0.access_token,
        ot1_0.created_at,
        ot1_0.expires_in,
        ot1_0.provider,
        ot1_0.refresh_token,
        ot1_0.updated_at 
    from
        users u1_0 
    left join
        oauth_tokens ot1_0 
            on u1_0.id=ot1_0.user_id 
    where
        u1_0.id=?
2026-03-31 23:06:01 [http-nio-8080-exec-7] DEBUG org.hibernate.SQL - 
    select
        p1_0.user_id,
        p1_0.id,
        p1_0.cover_image_url,
        p1_0.created_at,
        p1_0.description,
        p1_0.name,
        p1_0.updated_at 
    from
        playlists p1_0 
    where
        p1_0.user_id=?
2026-03-31 23:06:01 [http-nio-8080-exec-7] INFO  c.i.i.controller.AuthController - Spotify connected successfully for user sai
2026-03-31 23:06:01 [http-nio-8080-exec-7] DEBUG o.s.w.s.m.m.a.HttpEntityMethodProcessor - Using 'application/json;q=0.8', given [text/html, application/xhtml+xml, image/avif, image/webp, image/apng, application/xml;q=0.9, */*;q=0.8, application/signed-exchange;v=b3;q=0.7] and supported [application/json, application/*+json]
2026-03-31 23:06:01 [http-nio-8080-exec-7] DEBUG o.s.w.s.m.m.a.HttpEntityMethodProcessor - Nothing to write: null body
2026-03-31 23:06:01 [http-nio-8080-exec-7] DEBUG o.s.web.servlet.DispatcherServlet - Completed 302 FOUND
2026-03-31 23:07:59 [http-nio-8080-exec-4] DEBUG o.s.security.web.FilterChainProxy - Securing GET /api/auth/spotify/callback?code=test&state=test
2026-03-31 23:07:59 [http-nio-8080-exec-4] DEBUG o.s.s.w.a.AnonymousAuthenticationFilter - Set SecurityContextHolder to anonymous SecurityContext
2026-03-31 23:07:59 [http-nio-8080-exec-4] DEBUG o.s.security.web.FilterChainProxy - Secured GET /api/auth/spotify/callback?code=test&state=test
2026-03-31 23:07:59 [http-nio-8080-exec-4] DEBUG o.s.web.servlet.DispatcherServlet - GET "/ilovemusic/api/auth/spotify/callback?code=test&state=test", parameters={masked}
2026-03-31 23:07:59 [http-nio-8080-exec-4] DEBUG o.s.w.s.m.m.a.RequestMappingHandlerMapping - Mapped to com.ilovemusic.ilovemusic_backend.controller.AuthController#spotifyCallback(String, String)
2026-03-31 23:07:59 [http-nio-8080-exec-4] INFO  c.i.i.controller.AuthController - Spotify OAuth callback received
2026-03-31 23:07:59 [http-nio-8080-exec-4] ERROR c.i.i.controller.AuthController - Invalid state/JWT in Spotify callback
2026-03-31 23:07:59 [http-nio-8080-exec-4] DEBUG o.s.w.s.m.m.a.HttpEntityMethodProcessor - Using 'application/json', given [*/*] and supported [application/json, application/*+json]
2026-03-31 23:07:59 [http-nio-8080-exec-4] DEBUG o.s.w.s.m.m.a.HttpEntityMethodProcessor - Nothing to write: null body
2026-03-31 23:07:59 [http-nio-8080-exec-4] DEBUG o.s.web.servlet.DispatcherServlet - Completed 302 FOUND
2026-03-31 23:13:44 [File Watcher] INFO  o.s.b.d.a.LocalDevToolsAutoConfiguration$RestartingClassPathChangeChangedEventListener - Restarting due to 1 class path change (0 additions, 1 deletion, 0 modifications)
2026-03-31 23:13:44 [Thread-8] INFO  o.s.o.j.LocalContainerEntityManagerFactoryBean - Closing JPA EntityManagerFactory for persistence unit 'default'
2026-03-31 23:13:44 [Thread-8] INFO  com.zaxxer.hikari.HikariDataSource - HikariPool-2 - Shutdown initiated...
2026-03-31 23:13:44 [Thread-8] INFO  com.zaxxer.hikari.HikariDataSource - HikariPool-2 - Shutdown completed.
2026-03-31 23:13:44 [restartedMain] INFO  c.i.i.IlovemusicBackendApplication - Starting IlovemusicBackendApplication using Java 21.0.10 with PID 5276 (D:\SpringBoot\Projects\ilovemusic\ilovemusic-backend\build\classes\java\main started by sai in D:\SpringBoot\Projects\ilovemusic)
2026-03-31 23:13:44 [restartedMain] DEBUG c.i.i.IlovemusicBackendApplication - Running with Spring Boot v3.3.5, Spring v6.1.14
2026-03-31 23:13:44 [restartedMain] INFO  c.i.i.IlovemusicBackendApplication - The following 1 profile is active: "local"
2026-03-31 23:13:45 [restartedMain] INFO  o.s.d.r.c.RepositoryConfigurationDelegate - Bootstrapping Spring Data JPA repositories in DEFERRED mode.
2026-03-31 23:13:45 [restartedMain] INFO  o.s.d.r.c.RepositoryConfigurationDelegate - Finished Spring Data repository scanning in 31 ms. Found 4 JPA repository interfaces.
2026-03-31 23:13:45 [restartedMain] INFO  o.s.b.w.e.tomcat.TomcatWebServer - Tomcat initialized with port 8080 (http)
2026-03-31 23:13:45 [restartedMain] INFO  o.a.catalina.core.StandardService - Starting service [Tomcat]
2026-03-31 23:13:45 [restartedMain] INFO  o.a.catalina.core.StandardEngine - Starting Servlet engine: [Apache Tomcat/10.1.31]
2026-03-31 23:13:45 [restartedMain] INFO  o.a.c.c.C.[.[.[/ilovemusic] - Initializing Spring embedded WebApplicationContext
2026-03-31 23:13:45 [restartedMain] INFO  o.s.b.w.s.c.ServletWebServerApplicationContext - Root WebApplicationContext: initialization completed in 1173 ms
2026-03-31 23:13:46 [restartedMain] DEBUG c.i.i.config.JwtAuthenticationFilter - Filter 'jwtAuthenticationFilter' configured for use
2026-03-31 23:13:46 [restartedMain] DEBUG o.s.w.f.ServerHttpObservationFilter - Filter 'webMvcObservationFilter' configured for use
2026-03-31 23:13:46 [restartedMain] INFO  com.zaxxer.hikari.HikariDataSource - HikariPool-3 - Starting...
2026-03-31 23:13:46 [restartedMain] INFO  com.zaxxer.hikari.pool.HikariPool - HikariPool-3 - Added connection org.postgresql.jdbc.PgConnection@2450c7d5
2026-03-31 23:13:46 [restartedMain] INFO  com.zaxxer.hikari.HikariDataSource - HikariPool-3 - Start completed.
2026-03-31 23:13:46 [restartedMain] INFO  org.flywaydb.core.FlywayExecutor - Database: jdbc:postgresql://localhost:5432/ilovemusic (PostgreSQL 18.2)
2026-03-31 23:13:46 [restartedMain] WARN  o.f.c.i.database.base.Database - Flyway upgrade recommended: PostgreSQL 18.2 is newer than this version of Flyway and support has not been tested. The latest supported version of PostgreSQL is 16.
2026-03-31 23:13:46 [restartedMain] INFO  o.f.core.internal.command.DbValidate - Successfully validated 4 migrations (execution time 00:00.018s)
2026-03-31 23:13:46 [restartedMain] INFO  o.f.core.internal.command.DbMigrate - Current version of schema "public": 4
2026-03-31 23:13:46 [restartedMain] INFO  o.f.core.internal.command.DbMigrate - Schema "public" is up to date. No migration necessary.
2026-03-31 23:13:46 [task-1] INFO  o.h.jpa.internal.util.LogHelper - HHH000204: Processing PersistenceUnitInfo [name: default]
2026-03-31 23:13:46 [task-1] INFO  o.h.c.i.RegionFactoryInitiator - HHH000026: Second-level cache disabled
2026-03-31 23:13:46 [task-1] INFO  o.s.o.j.p.SpringPersistenceUnitInfo - No LoadTimeWeaver setup: ignoring JPA class transformer
2026-03-31 23:13:46 [task-1] WARN  org.hibernate.orm.deprecation - HHH90000025: PostgreSQLDialect does not need to be specified explicitly using 'hibernate.dialect' (remove the property setting and it will be selected by default)
2026-03-31 23:13:46 [task-1] DEBUG o.h.t.d.sql.spi.DdlTypeRegistry - addDescriptor(2003, org.hibernate.type.descriptor.sql.internal.ArrayDdlTypeImpl@3ccc39cf) replaced previous registration(org.hibernate.type.descriptor.sql.internal.ArrayDdlTypeImpl@1beff2b3)
2026-03-31 23:13:46 [task-1] DEBUG o.h.t.d.sql.spi.DdlTypeRegistry - addDescriptor(6, org.hibernate.type.descriptor.sql.internal.CapacityDependentDdlType@2dd2c8ff) replaced previous registration(org.hibernate.type.descriptor.sql.internal.DdlTypeImpl@457deb51)
2026-03-31 23:13:46 [task-1] INFO  o.h.e.t.j.p.i.JtaPlatformInitiator - HHH000489: No JTA platform available (set 'hibernate.transaction.jta.platform' to enable JTA platform integration)
2026-03-31 23:13:47 [task-1] INFO  o.s.o.j.LocalContainerEntityManagerFactoryBean - Initialized JPA EntityManagerFactory for persistence unit 'default'
2026-03-31 23:13:47 [restartedMain] DEBUG o.s.s.c.a.a.c.AuthenticationConfiguration$DefaultPasswordEncoderAuthenticationManagerBuilder - No authenticationProviders and no parentAuthenticationManager defined. Returning null.
2026-03-31 23:13:47 [restartedMain] DEBUG o.s.w.s.m.m.a.RequestMappingHandlerMapping - 13 mappings in 'requestMappingHandlerMapping'
2026-03-31 23:13:47 [restartedMain] DEBUG o.s.w.s.h.SimpleUrlHandlerMapping - Patterns [/webjars/**, /**] in 'resourceHandlerMapping'
2026-03-31 23:13:47 [restartedMain] INFO  o.s.b.a.e.web.EndpointLinksResolver - Exposing 4 endpoints beneath base path '/actuator'
2026-03-31 23:13:47 [restartedMain] DEBUG o.s.s.web.DefaultSecurityFilterChain - Will secure any request with filters: DisableEncodeUrlFilter, WebAsyncManagerIntegrationFilter, SecurityContextHolderFilter, HeaderWriterFilter, CorsFilter, LogoutFilter, JwtAuthenticationFilter, RequestCacheAwareFilter, SecurityContextHolderAwareRequestFilter, AnonymousAuthenticationFilter, SessionManagementFilter, ExceptionTranslationFilter, AuthorizationFilter
2026-03-31 23:13:47 [restartedMain] DEBUG o.s.w.s.m.m.a.RequestMappingHandlerAdapter - ControllerAdvice beans: 0 @ModelAttribute, 0 @InitBinder, 1 RequestBodyAdvice, 1 ResponseBodyAdvice
2026-03-31 23:13:47 [restartedMain] DEBUG o.s.w.s.m.m.a.ExceptionHandlerExceptionResolver - ControllerAdvice beans: 1 @ExceptionHandler, 1 ResponseBodyAdvice
2026-03-31 23:13:47 [restartedMain] INFO  o.s.b.d.a.OptionalLiveReloadServer - LiveReload server is running on port 35729
2026-03-31 23:13:47 [restartedMain] INFO  o.s.b.w.e.tomcat.TomcatWebServer - Tomcat started on port 8080 (http) with context path '/ilovemusic'
2026-03-31 23:13:47 [restartedMain] INFO  o.s.d.r.c.DeferredRepositoryInitializationListener - Triggering deferred initialization of Spring Data repositories…
2026-03-31 23:13:48 [restartedMain] INFO  o.s.d.r.c.DeferredRepositoryInitializationListener - Spring Data repositories initialized
2026-03-31 23:13:48 [restartedMain] INFO  c.i.i.IlovemusicBackendApplication - Started IlovemusicBackendApplication in 3.611 seconds (process running for 616.375)
2026-03-31 23:13:48 [restartedMain] INFO  o.s.b.d.a.ConditionEvaluationDeltaLoggingListener - Condition evaluation unchanged
2026-03-31 23:13:49 [File Watcher] INFO  o.s.b.d.a.LocalDevToolsAutoConfiguration$RestartingClassPathChangeChangedEventListener - Restarting due to 1 class path change (1 addition, 0 deletions, 0 modifications)
2026-03-31 23:13:49 [Thread-20] INFO  o.s.o.j.LocalContainerEntityManagerFactoryBean - Closing JPA EntityManagerFactory for persistence unit 'default'
2026-03-31 23:13:49 [Thread-20] INFO  com.zaxxer.hikari.HikariDataSource - HikariPool-3 - Shutdown initiated...
2026-03-31 23:13:49 [Thread-20] INFO  com.zaxxer.hikari.HikariDataSource - HikariPool-3 - Shutdown completed.
2026-03-31 23:13:49 [restartedMain] INFO  c.i.i.IlovemusicBackendApplication - Starting IlovemusicBackendApplication using Java 21.0.10 with PID 5276 (D:\SpringBoot\Projects\ilovemusic\ilovemusic-backend\build\classes\java\main started by sai in D:\SpringBoot\Projects\ilovemusic)
2026-03-31 23:13:49 [restartedMain] DEBUG c.i.i.IlovemusicBackendApplication - Running with Spring Boot v3.3.5, Spring v6.1.14
2026-03-31 23:13:49 [restartedMain] INFO  c.i.i.IlovemusicBackendApplication - The following 1 profile is active: "local"
2026-03-31 23:13:50 [restartedMain] INFO  o.s.d.r.c.RepositoryConfigurationDelegate - Bootstrapping Spring Data JPA repositories in DEFERRED mode.
2026-03-31 23:13:50 [restartedMain] INFO  o.s.d.r.c.RepositoryConfigurationDelegate - Finished Spring Data repository scanning in 33 ms. Found 4 JPA repository interfaces.
2026-03-31 23:13:50 [restartedMain] INFO  o.s.b.w.e.tomcat.TomcatWebServer - Tomcat initialized with port 8080 (http)
2026-03-31 23:13:50 [restartedMain] INFO  o.a.catalina.core.StandardService - Starting service [Tomcat]
2026-03-31 23:13:50 [restartedMain] INFO  o.a.catalina.core.StandardEngine - Starting Servlet engine: [Apache Tomcat/10.1.31]
2026-03-31 23:13:50 [restartedMain] INFO  o.a.c.c.C.[.[.[/ilovemusic] - Initializing Spring embedded WebApplicationContext
2026-03-31 23:13:50 [restartedMain] INFO  o.s.b.w.s.c.ServletWebServerApplicationContext - Root WebApplicationContext: initialization completed in 846 ms
2026-03-31 23:13:50 [restartedMain] DEBUG c.i.i.config.JwtAuthenticationFilter - Filter 'jwtAuthenticationFilter' configured for use
2026-03-31 23:13:50 [restartedMain] DEBUG o.s.w.f.ServerHttpObservationFilter - Filter 'webMvcObservationFilter' configured for use
2026-03-31 23:13:50 [restartedMain] INFO  com.zaxxer.hikari.HikariDataSource - HikariPool-4 - Starting...
2026-03-31 23:13:50 [restartedMain] INFO  com.zaxxer.hikari.pool.HikariPool - HikariPool-4 - Added connection org.postgresql.jdbc.PgConnection@301b9d4b
2026-03-31 23:13:50 [restartedMain] INFO  com.zaxxer.hikari.HikariDataSource - HikariPool-4 - Start completed.
2026-03-31 23:13:50 [restartedMain] INFO  org.flywaydb.core.FlywayExecutor - Database: jdbc:postgresql://localhost:5432/ilovemusic (PostgreSQL 18.2)
2026-03-31 23:13:50 [restartedMain] WARN  o.f.c.i.database.base.Database - Flyway upgrade recommended: PostgreSQL 18.2 is newer than this version of Flyway and support has not been tested. The latest supported version of PostgreSQL is 16.
2026-03-31 23:13:50 [restartedMain] INFO  o.f.core.internal.command.DbValidate - Successfully validated 4 migrations (execution time 00:00.013s)
2026-03-31 23:13:50 [restartedMain] INFO  o.f.core.internal.command.DbMigrate - Current version of schema "public": 4
2026-03-31 23:13:50 [restartedMain] INFO  o.f.core.internal.command.DbMigrate - Schema "public" is up to date. No migration necessary.
2026-03-31 23:13:50 [task-1] INFO  o.h.jpa.internal.util.LogHelper - HHH000204: Processing PersistenceUnitInfo [name: default]
2026-03-31 23:13:50 [task-1] INFO  o.h.c.i.RegionFactoryInitiator - HHH000026: Second-level cache disabled
2026-03-31 23:13:50 [task-1] INFO  o.s.o.j.p.SpringPersistenceUnitInfo - No LoadTimeWeaver setup: ignoring JPA class transformer
2026-03-31 23:13:50 [task-1] WARN  org.hibernate.orm.deprecation - HHH90000025: PostgreSQLDialect does not need to be specified explicitly using 'hibernate.dialect' (remove the property setting and it will be selected by default)
2026-03-31 23:13:50 [task-1] DEBUG o.h.t.d.sql.spi.DdlTypeRegistry - addDescriptor(2003, org.hibernate.type.descriptor.sql.internal.ArrayDdlTypeImpl@64f1f1c2) replaced previous registration(org.hibernate.type.descriptor.sql.internal.ArrayDdlTypeImpl@366281f4)
2026-03-31 23:13:50 [task-1] DEBUG o.h.t.d.sql.spi.DdlTypeRegistry - addDescriptor(6, org.hibernate.type.descriptor.sql.internal.CapacityDependentDdlType@7ff6e058) replaced previous registration(org.hibernate.type.descriptor.sql.internal.DdlTypeImpl@37f5ccf7)
2026-03-31 23:13:51 [task-1] INFO  o.h.e.t.j.p.i.JtaPlatformInitiator - HHH000489: No JTA platform available (set 'hibernate.transaction.jta.platform' to enable JTA platform integration)
2026-03-31 23:13:51 [task-1] INFO  o.s.o.j.LocalContainerEntityManagerFactoryBean - Initialized JPA EntityManagerFactory for persistence unit 'default'
2026-03-31 23:13:51 [restartedMain] DEBUG o.s.s.c.a.a.c.AuthenticationConfiguration$DefaultPasswordEncoderAuthenticationManagerBuilder - No authenticationProviders and no parentAuthenticationManager defined. Returning null.
2026-03-31 23:13:51 [restartedMain] DEBUG o.s.w.s.m.m.a.RequestMappingHandlerMapping - 24 mappings in 'requestMappingHandlerMapping'
2026-03-31 23:13:51 [restartedMain] DEBUG o.s.w.s.h.SimpleUrlHandlerMapping - Patterns [/webjars/**, /**] in 'resourceHandlerMapping'
2026-03-31 23:13:51 [restartedMain] INFO  o.s.b.a.e.web.EndpointLinksResolver - Exposing 4 endpoints beneath base path '/actuator'
2026-03-31 23:13:51 [restartedMain] DEBUG o.s.s.web.DefaultSecurityFilterChain - Will secure any request with filters: DisableEncodeUrlFilter, WebAsyncManagerIntegrationFilter, SecurityContextHolderFilter, HeaderWriterFilter, CorsFilter, LogoutFilter, JwtAuthenticationFilter, RequestCacheAwareFilter, SecurityContextHolderAwareRequestFilter, AnonymousAuthenticationFilter, SessionManagementFilter, ExceptionTranslationFilter, AuthorizationFilter
2026-03-31 23:13:51 [restartedMain] DEBUG o.s.w.s.m.m.a.RequestMappingHandlerAdapter - ControllerAdvice beans: 0 @ModelAttribute, 0 @InitBinder, 1 RequestBodyAdvice, 1 ResponseBodyAdvice
2026-03-31 23:13:51 [restartedMain] DEBUG o.s.w.s.m.m.a.ExceptionHandlerExceptionResolver - ControllerAdvice beans: 1 @ExceptionHandler, 1 ResponseBodyAdvice
2026-03-31 23:13:51 [restartedMain] INFO  o.s.b.d.a.OptionalLiveReloadServer - LiveReload server is running on port 35729
2026-03-31 23:13:51 [restartedMain] INFO  o.s.b.w.e.tomcat.TomcatWebServer - Tomcat started on port 8080 (http) with context path '/ilovemusic'
2026-03-31 23:13:51 [restartedMain] INFO  o.s.d.r.c.DeferredRepositoryInitializationListener - Triggering deferred initialization of Spring Data repositories…
2026-03-31 23:13:52 [restartedMain] INFO  o.s.d.r.c.DeferredRepositoryInitializationListener - Spring Data repositories initialized
2026-03-31 23:13:52 [restartedMain] INFO  c.i.i.IlovemusicBackendApplication - Started IlovemusicBackendApplication in 2.606 seconds (process running for 620.327)
2026-03-31 23:13:52 [restartedMain] INFO  o.s.b.d.a.ConditionEvaluationDeltaLoggingListener - Condition evaluation unchanged
2026-03-31 23:14:33 [SpringApplicationShutdownHook] INFO  o.s.o.j.LocalContainerEntityManagerFactoryBean - Closing JPA EntityManagerFactory for persistence unit 'default'
2026-03-31 23:14:33 [SpringApplicationShutdownHook] INFO  com.zaxxer.hikari.HikariDataSource - HikariPool-4 - Shutdown initiated...
2026-03-31 23:14:33 [SpringApplicationShutdownHook] INFO  com.zaxxer.hikari.HikariDataSource - HikariPool-4 - Shutdown completed.
